0 verbose cli /usr/bin/node /usr/bin/npm
1 info using npm@10.8.3
2 info using node@v22.9.0
3 silly config load:file:/usr/lib/node_modules/npm/npmrc
4 silly config load:file:/home/fullstack-user/.cache/typescript/5.6/.npmrc
5 silly config load:file:/home/fullstack-user/.npmrc
6 silly config load:file:/usr/etc/npmrc
7 verbose title npm install @types/buffer-from@ts5.6 @types/node@ts5.6 @types/source-map-support@ts5.6
8 verbose argv "install" "--ignore-scripts" "@types/buffer-from@ts5.6" "@types/node@ts5.6" "@types/source-map-support@ts5.6" "--save-dev" "--user-agent" "typesInstaller/5.6.3"
9 verbose logfile logs-max:10 dir:/home/fullstack-user/.npm/_logs/2024-11-08T01_10_13_917Z-
10 verbose logfile /home/fullstack-user/.npm/_logs/2024-11-08T01_10_13_917Z-debug-0.log
11 silly packumentCache heap:2197815296 maxSize:549453824 maxEntrySize:274726912
12 silly logfile start cleaning logs, removing 1 files
13 silly logfile done cleaning log files
14 silly packumentCache corgi:https://registry.npmjs.org/@types%2fbuffer-from cache-miss
15 silly packumentCache corgi:https://registry.npmjs.org/@types%2fnode cache-miss
16 silly packumentCache corgi:https://registry.npmjs.org/@types%2fsource-map-support cache-miss
17 http fetch GET 200 https://registry.npmjs.org/@types%2fsource-map-support 429ms (cache miss)
18 silly packumentCache corgi:https://registry.npmjs.org/@types%2fsource-map-support set size:undefined disposed:false
19 http fetch GET 200 https://registry.npmjs.org/@types%2fbuffer-from 482ms (cache miss)
20 silly packumentCache corgi:https://registry.npmjs.org/@types%2fbuffer-from set size:undefined disposed:false
21 http fetch GET 200 https://registry.npmjs.org/@types%2fnode 731ms (cache miss)
22 silly packumentCache corgi:https://registry.npmjs.org/@types%2fnode set size:undefined disposed:false
23 silly idealTree buildDeps
24 silly fetch manifest @types/source-map-support@0.5.10
25 silly packumentCache full:https://registry.npmjs.org/@types%2fsource-map-support cache-miss
26 http fetch GET 200 https://registry.npmjs.org/@types%2fsource-map-support 133ms (cache miss)
27 silly packumentCache full:https://registry.npmjs.org/@types%2fsource-map-support set size:undefined disposed:false
28 silly fetch manifest @types/buffer-from@1.1.3
29 silly packumentCache full:https://registry.npmjs.org/@types%2fbuffer-from cache-miss
30 http fetch GET 200 https://registry.npmjs.org/@types%2fbuffer-from 106ms (cache miss)
31 silly packumentCache full:https://registry.npmjs.org/@types%2fbuffer-from set size:undefined disposed:false
32 silly fetch manifest @types/node@22.9.0
33 silly packumentCache full:https://registry.npmjs.org/@types%2fnode cache-miss
34 http fetch GET 200 https://registry.npmjs.org/@types%2fnode 1460ms (cache updated)
35 silly packumentCache full:https://registry.npmjs.org/@types%2fnode set size:undefined disposed:false
36 silly placeDep ROOT @types/buffer-from@1.1.3 OK for:  want: 1.1.3
37 silly placeDep ROOT @types/node@22.9.0 OK for:  want: 22.9.0
38 silly placeDep ROOT @types/source-map-support@0.5.10 OK for:  want: 0.5.10
39 silly fetch manifest @types/node@*
40 silly packumentCache full:https://registry.npmjs.org/@types%2fnode cache-miss
41 silly fetch manifest undici-types@~6.19.8
42 silly packumentCache full:https://registry.npmjs.org/undici-types cache-miss
43 silly fetch manifest source-map@^0.6.0
44 silly packumentCache full:https://registry.npmjs.org/source-map cache-miss
45 http fetch GET 200 https://registry.npmjs.org/@types%2fnode 115ms (cache hit)
46 silly packumentCache full:https://registry.npmjs.org/@types%2fnode set size:9376489 disposed:false
47 http fetch GET 200 https://registry.npmjs.org/undici-types 395ms (cache revalidated)
48 silly packumentCache full:https://registry.npmjs.org/undici-types set size:108442 disposed:false
49 http fetch GET 200 https://registry.npmjs.org/source-map 402ms (cache revalidated)
50 silly packumentCache full:https://registry.npmjs.org/source-map set size:243251 disposed:false
51 silly placeDep ROOT undici-types@6.19.8 OK for: @types/node@22.9.0 want: ~6.19.8
52 silly placeDep ROOT source-map@0.6.1 OK for: @types/source-map-support@0.5.10 want: ^0.6.0
53 silly reify moves {}
54 silly audit bulk request {
54 silly audit   'types-registry': [ '0.1.693' ],
54 silly audit   '@types/buffer-from': [ '1.1.3' ],
54 silly audit   '@types/node': [ '22.9.0' ],
54 silly audit   '@types/source-map-support': [ '0.5.10' ],
54 silly audit   'undici-types': [ '6.19.8' ],
54 silly audit   'source-map': [ '0.6.1' ]
54 silly audit }
55 silly tarball no local data for @types/source-map-support@https://registry.npmjs.org/@types/source-map-support/-/source-map-support-0.5.10.tgz. Extracting by manifest.
56 silly tarball no local data for @types/buffer-from@https://registry.npmjs.org/@types/buffer-from/-/buffer-from-1.1.3.tgz. Extracting by manifest.
57 silly tarball no local data for @types/node@https://registry.npmjs.org/@types/node/-/node-22.9.0.tgz. Extracting by manifest.
58 http fetch GET 200 https://registry.npmjs.org/@types/buffer-from/-/buffer-from-1.1.3.tgz 322ms (cache miss)
59 http fetch POST 200 https://registry.npmjs.org/-/npm/v1/security/advisories/bulk 383ms
60 silly audit report {}
61 http fetch GET 200 https://registry.npmjs.org/@types/source-map-support/-/source-map-support-0.5.10.tgz 337ms (cache miss)
62 http fetch GET 200 https://registry.npmjs.org/@types/node/-/node-22.9.0.tgz 1245ms (cache miss)
63 silly ADD node_modules/source-map
64 silly ADD node_modules/undici-types
65 silly ADD node_modules/@types/source-map-support
66 silly ADD node_modules/@types/node
67 silly ADD node_modules/@types/buffer-from
68 verbose cwd /home/fullstack-user/.cache/typescript/5.6
69 verbose os Linux 6.10.11-linuxkit
70 verbose node v22.9.0
71 verbose npm  v10.8.3
72 verbose exit 0
73 info ok
