0 verbose cli /usr/bin/node /usr/bin/npm
1 info using npm@10.8.3
2 info using node@v22.9.0
3 silly config load:file:/usr/lib/node_modules/npm/npmrc
4 silly config load:file:/home/fullstack-user/frontend/.npmrc
5 silly config load:file:/home/fullstack-user/.npmrc
6 silly config load:file:/usr/etc/npmrc
7 verbose title npm install
8 verbose argv "install"
9 verbose logfile logs-max:10 dir:/home/fullstack-user/.npm/_logs/2024-11-15T01_26_51_021Z-
10 verbose logfile /home/fullstack-user/.npm/_logs/2024-11-15T01_26_51_021Z-debug-0.log
11 silly packumentCache heap:2197815296 maxSize:549453824 maxEntrySize:274726912
12 silly logfile start cleaning logs, removing 1 files
13 silly logfile done cleaning log files
14 silly idealTree buildDeps
15 verbose shrinkwrap failed to load node_modules/.package-lock.json out of date, updated: node_modules
16 silly reify mark retired [
16 silly reify   '/home/fullstack-user/frontend/node_modules/acorn',
16 silly reify   '/home/fullstack-user/frontend/node_modules/.bin/acorn'
16 silly reify ]
17 silly reify mark retired [
17 silly reify   '/home/fullstack-user/frontend/node_modules/autoprefixer',
17 silly reify   '/home/fullstack-user/frontend/node_modules/.bin/autoprefixer'
17 silly reify ]
18 silly reify mark retired [
18 silly reify   '/home/fullstack-user/frontend/node_modules/babel-plugin-polyfill-corejs2/node_modules/semver',
18 silly reify   '/home/fullstack-user/frontend/node_modules/babel-plugin-polyfill-corejs2/node_modules/.bin/semver'
18 silly reify ]
19 silly reify mark retired [
19 silly reify   '/home/fullstack-user/frontend/node_modules/browserslist',
19 silly reify   '/home/fullstack-user/frontend/node_modules/.bin/browserslist'
19 silly reify ]
20 silly reify mark retired [
20 silly reify   '/home/fullstack-user/frontend/node_modules/chrome-launcher',
20 silly reify   '/home/fullstack-user/frontend/node_modules/.bin/print-chrome-path'
20 silly reify ]
21 silly reify mark retired [
21 silly reify   '/home/fullstack-user/frontend/node_modules/chromium-edge-launcher/node_modules/mkdirp',
21 silly reify   '/home/fullstack-user/frontend/node_modules/chromium-edge-launcher/node_modules/.bin/mkdirp'
21 silly reify ]
22 silly reify mark retired [
22 silly reify   '/home/fullstack-user/frontend/node_modules/cssesc',
22 silly reify   '/home/fullstack-user/frontend/node_modules/.bin/cssesc'
22 silly reify ]
23 silly reify mark retired [
23 silly reify   '/home/fullstack-user/frontend/node_modules/cosmiconfig/node_modules/js-yaml',
23 silly reify   '/home/fullstack-user/frontend/node_modules/cosmiconfig/node_modules/.bin/js-yaml'
23 silly reify ]
24 silly reify mark retired [
24 silly reify   '/home/fullstack-user/frontend/node_modules/esbuild',
24 silly reify   '/home/fullstack-user/frontend/node_modules/.bin/esbuild'
24 silly reify ]
25 silly reify mark retired [
25 silly reify   '/home/fullstack-user/frontend/node_modules/eslint',
25 silly reify   '/home/fullstack-user/frontend/node_modules/.bin/eslint'
25 silly reify ]
26 silly reify mark retired [
26 silly reify   '/home/fullstack-user/frontend/node_modules/esprima',
26 silly reify   '/home/fullstack-user/frontend/node_modules/.bin/esparse',
26 silly reify   '/home/fullstack-user/frontend/node_modules/.bin/esvalidate'
26 silly reify ]
27 silly reify mark retired [
27 silly reify   '/home/fullstack-user/frontend/node_modules/image-size',
27 silly reify   '/home/fullstack-user/frontend/node_modules/.bin/image-size'
27 silly reify ]
28 silly reify mark retired [
28 silly reify   '/home/fullstack-user/frontend/node_modules/is-docker',
28 silly reify   '/home/fullstack-user/frontend/node_modules/.bin/is-docker'
28 silly reify ]
29 silly reify mark retired [
29 silly reify   '/home/fullstack-user/frontend/node_modules/istanbul-lib-instrument/node_modules/semver',
29 silly reify   '/home/fullstack-user/frontend/node_modules/istanbul-lib-instrument/node_modules/.bin/semver'
29 silly reify ]
30 silly reify mark retired [
30 silly reify   '/home/fullstack-user/frontend/node_modules/jiti',
30 silly reify   '/home/fullstack-user/frontend/node_modules/.bin/jiti'
30 silly reify ]
31 silly reify mark retired [
31 silly reify   '/home/fullstack-user/frontend/node_modules/js-yaml',
31 silly reify   '/home/fullstack-user/frontend/node_modules/.bin/js-yaml'
31 silly reify ]
32 silly reify mark retired [
32 silly reify   '/home/fullstack-user/frontend/node_modules/jsesc',
32 silly reify   '/home/fullstack-user/frontend/node_modules/.bin/jsesc'
32 silly reify ]
33 silly reify mark retired [
33 silly reify   '/home/fullstack-user/frontend/node_modules/jscodeshift',
33 silly reify   '/home/fullstack-user/frontend/node_modules/.bin/jscodeshift'
33 silly reify ]
34 silly reify mark retired [
34 silly reify   '/home/fullstack-user/frontend/node_modules/json5',
34 silly reify   '/home/fullstack-user/frontend/node_modules/.bin/json5'
34 silly reify ]
35 silly reify mark retired [
35 silly reify   '/home/fullstack-user/frontend/node_modules/loose-envify',
35 silly reify   '/home/fullstack-user/frontend/node_modules/.bin/loose-envify'
35 silly reify ]
36 silly reify mark retired [
36 silly reify   '/home/fullstack-user/frontend/node_modules/make-dir/node_modules/semver',
36 silly reify   '/home/fullstack-user/frontend/node_modules/make-dir/node_modules/.bin/semver'
36 silly reify ]
37 silly reify mark retired [
37 silly reify   '/home/fullstack-user/frontend/node_modules/metro',
37 silly reify   '/home/fullstack-user/frontend/node_modules/.bin/metro'
37 silly reify ]
38 silly reify mark retired [
38 silly reify   '/home/fullstack-user/frontend/node_modules/metro-symbolicate',
38 silly reify   '/home/fullstack-user/frontend/node_modules/.bin/metro-symbolicate'
38 silly reify ]
39 silly reify mark retired [
39 silly reify   '/home/fullstack-user/frontend/node_modules/mime',
39 silly reify   '/home/fullstack-user/frontend/node_modules/.bin/mime'
39 silly reify ]
40 silly reify mark retired [
40 silly reify   '/home/fullstack-user/frontend/node_modules/mkdirp',
40 silly reify   '/home/fullstack-user/frontend/node_modules/.bin/mkdirp'
40 silly reify ]
41 silly reify mark retired [
41 silly reify   '/home/fullstack-user/frontend/node_modules/nanoid',
41 silly reify   '/home/fullstack-user/frontend/node_modules/.bin/nanoid'
41 silly reify ]
42 silly reify mark retired [
42 silly reify   '/home/fullstack-user/frontend/node_modules/react-native',
42 silly reify   '/home/fullstack-user/frontend/node_modules/.bin/react-native'
42 silly reify ]
43 silly reify mark retired [
43 silly reify   '/home/fullstack-user/frontend/node_modules/regjsparser',
43 silly reify   '/home/fullstack-user/frontend/node_modules/.bin/regjsparser'
43 silly reify ]
44 silly reify mark retired [
44 silly reify   '/home/fullstack-user/frontend/node_modules/resolve',
44 silly reify   '/home/fullstack-user/frontend/node_modules/.bin/resolve'
44 silly reify ]
45 silly reify mark retired [
45 silly reify   '/home/fullstack-user/frontend/node_modules/rollup',
45 silly reify   '/home/fullstack-user/frontend/node_modules/.bin/rollup'
45 silly reify ]
46 silly reify mark retired [
46 silly reify   '/home/fullstack-user/frontend/node_modules/rimraf',
46 silly reify   '/home/fullstack-user/frontend/node_modules/.bin/rimraf'
46 silly reify ]
47 silly reify mark retired [
47 silly reify   '/home/fullstack-user/frontend/node_modules/semver',
47 silly reify   '/home/fullstack-user/frontend/node_modules/.bin/semver'
47 silly reify ]
48 silly reify mark retired [
48 silly reify   '/home/fullstack-user/frontend/node_modules/sucrase',
48 silly reify   '/home/fullstack-user/frontend/node_modules/.bin/sucrase',
48 silly reify   '/home/fullstack-user/frontend/node_modules/.bin/sucrase-node'
48 silly reify ]
49 silly reify mark retired [
49 silly reify   '/home/fullstack-user/frontend/node_modules/tailwindcss',
49 silly reify   '/home/fullstack-user/frontend/node_modules/.bin/tailwind',
49 silly reify   '/home/fullstack-user/frontend/node_modules/.bin/tailwindcss'
49 silly reify ]
50 silly reify mark retired [
50 silly reify   '/home/fullstack-user/frontend/node_modules/terser',
50 silly reify   '/home/fullstack-user/frontend/node_modules/.bin/terser'
50 silly reify ]
51 silly reify mark retired [
51 silly reify   '/home/fullstack-user/frontend/node_modules/temp/node_modules/rimraf',
51 silly reify   '/home/fullstack-user/frontend/node_modules/temp/node_modules/.bin/rimraf'
51 silly reify ]
52 silly reify mark retired [
52 silly reify   '/home/fullstack-user/frontend/node_modules/typescript',
52 silly reify   '/home/fullstack-user/frontend/node_modules/.bin/tsc',
52 silly reify   '/home/fullstack-user/frontend/node_modules/.bin/tsserver'
52 silly reify ]
53 silly reify mark retired [
53 silly reify   '/home/fullstack-user/frontend/node_modules/update-browserslist-db',
53 silly reify   '/home/fullstack-user/frontend/node_modules/.bin/update-browserslist-db'
53 silly reify ]
54 silly reify mark retired [
54 silly reify   '/home/fullstack-user/frontend/node_modules/which',
54 silly reify   '/home/fullstack-user/frontend/node_modules/.bin/node-which'
54 silly reify ]
55 silly reify mark retired [
55 silly reify   '/home/fullstack-user/frontend/node_modules/yaml',
55 silly reify   '/home/fullstack-user/frontend/node_modules/.bin/yaml'
55 silly reify ]
56 silly reify mark retired [
56 silly reify   '/home/fullstack-user/frontend/node_modules/@babel/core/node_modules/semver',
56 silly reify   '/home/fullstack-user/frontend/node_modules/@babel/core/node_modules/.bin/semver'
56 silly reify ]
57 silly reify mark retired [
57 silly reify   '/home/fullstack-user/frontend/node_modules/@babel/helper-compilation-targets/node_modules/semver',
57 silly reify   '/home/fullstack-user/frontend/node_modules/@babel/helper-compilation-targets/node_modules/.bin/semver'
57 silly reify ]
58 silly reify mark retired [
58 silly reify   '/home/fullstack-user/frontend/node_modules/@babel/helper-create-regexp-features-plugin/node_modules/semver',
58 silly reify   '/home/fullstack-user/frontend/node_modules/@babel/helper-create-regexp-features-plugin/node_modules/.bin/semver'
58 silly reify ]
59 silly reify mark retired [
59 silly reify   '/home/fullstack-user/frontend/node_modules/@babel/helper-create-class-features-plugin/node_modules/semver',
59 silly reify   '/home/fullstack-user/frontend/node_modules/@babel/helper-create-class-features-plugin/node_modules/.bin/semver'
59 silly reify ]
60 silly reify mark retired [
60 silly reify   '/home/fullstack-user/frontend/node_modules/@babel/parser',
60 silly reify   '/home/fullstack-user/frontend/node_modules/.bin/parser'
60 silly reify ]
61 silly reify mark retired [
61 silly reify   '/home/fullstack-user/frontend/node_modules/@babel/plugin-transform-runtime/node_modules/semver',
61 silly reify   '/home/fullstack-user/frontend/node_modules/@babel/plugin-transform-runtime/node_modules/.bin/semver'
61 silly reify ]
62 silly reify mark retired [
62 silly reify   '/home/fullstack-user/frontend/node_modules/@babel/preset-env/node_modules/semver',
62 silly reify   '/home/fullstack-user/frontend/node_modules/@babel/preset-env/node_modules/.bin/semver'
62 silly reify ]
63 silly reify mark retired [
63 silly reify   '/home/fullstack-user/frontend/node_modules/@istanbuljs/load-nyc-config/node_modules/js-yaml',
63 silly reify   '/home/fullstack-user/frontend/node_modules/@istanbuljs/load-nyc-config/node_modules/.bin/js-yaml'
63 silly reify ]
64 silly reify moves {
64 silly reify   '/home/fullstack-user/frontend/node_modules/acorn': '/home/fullstack-user/frontend/node_modules/.acorn-vyreLAkp',
64 silly reify   '/home/fullstack-user/frontend/node_modules/.bin/acorn': '/home/fullstack-user/frontend/node_modules/.bin/.acorn-EmgccuWv',
64 silly reify   '/home/fullstack-user/frontend/node_modules/autoprefixer': '/home/fullstack-user/frontend/node_modules/.autoprefixer-Rr7zwE0k',
64 silly reify   '/home/fullstack-user/frontend/node_modules/.bin/autoprefixer': '/home/fullstack-user/frontend/node_modules/.bin/.autoprefixer-NifDOPoC',
64 silly reify   '/home/fullstack-user/frontend/node_modules/babel-plugin-polyfill-corejs2/node_modules/semver': '/home/fullstack-user/frontend/node_modules/babel-plugin-polyfill-corejs2/node_modules/.semver-cF1J7jG4',
64 silly reify   '/home/fullstack-user/frontend/node_modules/babel-plugin-polyfill-corejs2/node_modules/.bin/semver': '/home/fullstack-user/frontend/node_modules/babel-plugin-polyfill-corejs2/node_modules/.bin/.semver-mFIDNfWO',
64 silly reify   '/home/fullstack-user/frontend/node_modules/browserslist': '/home/fullstack-user/frontend/node_modules/.browserslist-ZCkoUAZj',
64 silly reify   '/home/fullstack-user/frontend/node_modules/.bin/browserslist': '/home/fullstack-user/frontend/node_modules/.bin/.browserslist-yIHAzPJb',
64 silly reify   '/home/fullstack-user/frontend/node_modules/chrome-launcher': '/home/fullstack-user/frontend/node_modules/.chrome-launcher-faAdCT3W',
64 silly reify   '/home/fullstack-user/frontend/node_modules/.bin/print-chrome-path': '/home/fullstack-user/frontend/node_modules/.bin/.print-chrome-path-cdYfadui',
64 silly reify   '/home/fullstack-user/frontend/node_modules/chromium-edge-launcher/node_modules/mkdirp': '/home/fullstack-user/frontend/node_modules/chromium-edge-launcher/node_modules/.mkdirp-Aj20UTXE',
64 silly reify   '/home/fullstack-user/frontend/node_modules/chromium-edge-launcher/node_modules/.bin/mkdirp': '/home/fullstack-user/frontend/node_modules/chromium-edge-launcher/node_modules/.bin/.mkdirp-ezdHoLHC',
64 silly reify   '/home/fullstack-user/frontend/node_modules/cssesc': '/home/fullstack-user/frontend/node_modules/.cssesc-TxW8lYxX',
64 silly reify   '/home/fullstack-user/frontend/node_modules/.bin/cssesc': '/home/fullstack-user/frontend/node_modules/.bin/.cssesc-ADyuOWz2',
64 silly reify   '/home/fullstack-user/frontend/node_modules/cosmiconfig/node_modules/js-yaml': '/home/fullstack-user/frontend/node_modules/cosmiconfig/node_modules/.js-yaml-l92P8v6h',
64 silly reify   '/home/fullstack-user/frontend/node_modules/cosmiconfig/node_modules/.bin/js-yaml': '/home/fullstack-user/frontend/node_modules/cosmiconfig/node_modules/.bin/.js-yaml-RXaXHn3y',
64 silly reify   '/home/fullstack-user/frontend/node_modules/esbuild': '/home/fullstack-user/frontend/node_modules/.esbuild-g3qV34H4',
64 silly reify   '/home/fullstack-user/frontend/node_modules/.bin/esbuild': '/home/fullstack-user/frontend/node_modules/.bin/.esbuild-5nS219Ok',
64 silly reify   '/home/fullstack-user/frontend/node_modules/eslint': '/home/fullstack-user/frontend/node_modules/.eslint-lcG4Cot3',
64 silly reify   '/home/fullstack-user/frontend/node_modules/.bin/eslint': '/home/fullstack-user/frontend/node_modules/.bin/.eslint-08Iqr27w',
64 silly reify   '/home/fullstack-user/frontend/node_modules/esprima': '/home/fullstack-user/frontend/node_modules/.esprima-vtPBO8cC',
64 silly reify   '/home/fullstack-user/frontend/node_modules/.bin/esparse': '/home/fullstack-user/frontend/node_modules/.bin/.esparse-zntpPuwZ',
64 silly reify   '/home/fullstack-user/frontend/node_modules/.bin/esvalidate': '/home/fullstack-user/frontend/node_modules/.bin/.esvalidate-fveUm2BS',
64 silly reify   '/home/fullstack-user/frontend/node_modules/image-size': '/home/fullstack-user/frontend/node_modules/.image-size-ghiRDVNC',
64 silly reify   '/home/fullstack-user/frontend/node_modules/.bin/image-size': '/home/fullstack-user/frontend/node_modules/.bin/.image-size-mnshBvI8',
64 silly reify   '/home/fullstack-user/frontend/node_modules/is-docker': '/home/fullstack-user/frontend/node_modules/.is-docker-Q9UFvFCM',
64 silly reify   '/home/fullstack-user/frontend/node_modules/.bin/is-docker': '/home/fullstack-user/frontend/node_modules/.bin/.is-docker-j3BHt8fX',
64 silly reify   '/home/fullstack-user/frontend/node_modules/istanbul-lib-instrument/node_modules/semver': '/home/fullstack-user/frontend/node_modules/istanbul-lib-instrument/node_modules/.semver-qfAFrdl2',
64 silly reify   '/home/fullstack-user/frontend/node_modules/istanbul-lib-instrument/node_modules/.bin/semver': '/home/fullstack-user/frontend/node_modules/istanbul-lib-instrument/node_modules/.bin/.semver-S9At4p8R',
64 silly reify   '/home/fullstack-user/frontend/node_modules/jiti': '/home/fullstack-user/frontend/node_modules/.jiti-0GWkTmox',
64 silly reify   '/home/fullstack-user/frontend/node_modules/.bin/jiti': '/home/fullstack-user/frontend/node_modules/.bin/.jiti-v8Ps7j3E',
64 silly reify   '/home/fullstack-user/frontend/node_modules/js-yaml': '/home/fullstack-user/frontend/node_modules/.js-yaml-E6r3eXdW',
64 silly reify   '/home/fullstack-user/frontend/node_modules/.bin/js-yaml': '/home/fullstack-user/frontend/node_modules/.bin/.js-yaml-G6fX5PZt',
64 silly reify   '/home/fullstack-user/frontend/node_modules/jsesc': '/home/fullstack-user/frontend/node_modules/.jsesc-EH3abXai',
64 silly reify   '/home/fullstack-user/frontend/node_modules/.bin/jsesc': '/home/fullstack-user/frontend/node_modules/.bin/.jsesc-yg2HQ7dZ',
64 silly reify   '/home/fullstack-user/frontend/node_modules/jscodeshift': '/home/fullstack-user/frontend/node_modules/.jscodeshift-bG2W7BDk',
64 silly reify   '/home/fullstack-user/frontend/node_modules/.bin/jscodeshift': '/home/fullstack-user/frontend/node_modules/.bin/.jscodeshift-1LLrx4py',
64 silly reify   '/home/fullstack-user/frontend/node_modules/json5': '/home/fullstack-user/frontend/node_modules/.json5-zSFxKy9m',
64 silly reify   '/home/fullstack-user/frontend/node_modules/.bin/json5': '/home/fullstack-user/frontend/node_modules/.bin/.json5-U5iF7m4e',
64 silly reify   '/home/fullstack-user/frontend/node_modules/loose-envify': '/home/fullstack-user/frontend/node_modules/.loose-envify-1uyBmZ5b',
64 silly reify   '/home/fullstack-user/frontend/node_modules/.bin/loose-envify': '/home/fullstack-user/frontend/node_modules/.bin/.loose-envify-sHNLRpXp',
64 silly reify   '/home/fullstack-user/frontend/node_modules/make-dir/node_modules/semver': '/home/fullstack-user/frontend/node_modules/make-dir/node_modules/.semver-hZrEX7mS',
64 silly reify   '/home/fullstack-user/frontend/node_modules/make-dir/node_modules/.bin/semver': '/home/fullstack-user/frontend/node_modules/make-dir/node_modules/.bin/.semver-Lgjg3bhy',
64 silly reify   '/home/fullstack-user/frontend/node_modules/metro': '/home/fullstack-user/frontend/node_modules/.metro-3TGpnZQz',
64 silly reify   '/home/fullstack-user/frontend/node_modules/.bin/metro': '/home/fullstack-user/frontend/node_modules/.bin/.metro-qGcs0fhe',
64 silly reify   '/home/fullstack-user/frontend/node_modules/metro-symbolicate': '/home/fullstack-user/frontend/node_modules/.metro-symbolicate-eTfS8Jlo',
64 silly reify   '/home/fullstack-user/frontend/node_modules/.bin/metro-symbolicate': '/home/fullstack-user/frontend/node_modules/.bin/.metro-symbolicate-ucgU82I6',
64 silly reify   '/home/fullstack-user/frontend/node_modules/mime': '/home/fullstack-user/frontend/node_modules/.mime-YW0lDula',
64 silly reify   '/home/fullstack-user/frontend/node_modules/.bin/mime': '/home/fullstack-user/frontend/node_modules/.bin/.mime-jqLKf9qI',
64 silly reify   '/home/fullstack-user/frontend/node_modules/mkdirp': '/home/fullstack-user/frontend/node_modules/.mkdirp-rA0Dyjxq',
64 silly reify   '/home/fullstack-user/frontend/node_modules/.bin/mkdirp': '/home/fullstack-user/frontend/node_modules/.bin/.mkdirp-F5Yj1Zix',
64 silly reify   '/home/fullstack-user/frontend/node_modules/nanoid': '/home/fullstack-user/frontend/node_modules/.nanoid-oeufaXgS',
64 silly reify   '/home/fullstack-user/frontend/node_modules/.bin/nanoid': '/home/fullstack-user/frontend/node_modules/.bin/.nanoid-kSNPRmrl',
64 silly reify   '/home/fullstack-user/frontend/node_modules/react-native': '/home/fullstack-user/frontend/node_modules/.react-native-BNk3dcFI',
64 silly reify   '/home/fullstack-user/frontend/node_modules/.bin/react-native': '/home/fullstack-user/frontend/node_modules/.bin/.react-native-H4ZM5Hh2',
64 silly reify   '/home/fullstack-user/frontend/node_modules/regjsparser': '/home/fullstack-user/frontend/node_modules/.regjsparser-rYXuwMd1',
64 silly reify   '/home/fullstack-user/frontend/node_modules/.bin/regjsparser': '/home/fullstack-user/frontend/node_modules/.bin/.regjsparser-mLbO1yeM',
64 silly reify   '/home/fullstack-user/frontend/node_modules/resolve': '/home/fullstack-user/frontend/node_modules/.resolve-7etXjvUp',
64 silly reify   '/home/fullstack-user/frontend/node_modules/.bin/resolve': '/home/fullstack-user/frontend/node_modules/.bin/.resolve-O3MUB4In',
64 silly reify   '/home/fullstack-user/frontend/node_modules/rollup': '/home/fullstack-user/frontend/node_modules/.rollup-Ty91Ut43',
64 silly reify   '/home/fullstack-user/frontend/node_modules/.bin/rollup': '/home/fullstack-user/frontend/node_modules/.bin/.rollup-5ol9eb7Y',
64 silly reify   '/home/fullstack-user/frontend/node_modules/rimraf': '/home/fullstack-user/frontend/node_modules/.rimraf-WUFFalac',
64 silly reify   '/home/fullstack-user/frontend/node_modules/.bin/rimraf': '/home/fullstack-user/frontend/node_modules/.bin/.rimraf-RZ9l2h7M',
64 silly reify   '/home/fullstack-user/frontend/node_modules/semver': '/home/fullstack-user/frontend/node_modules/.semver-oiHul7xG',
64 silly reify   '/home/fullstack-user/frontend/node_modules/.bin/semver': '/home/fullstack-user/frontend/node_modules/.bin/.semver-Vm1b6sSm',
64 silly reify   '/home/fullstack-user/frontend/node_modules/sucrase': '/home/fullstack-user/frontend/node_modules/.sucrase-3VIZIejy',
64 silly reify   '/home/fullstack-user/frontend/node_modules/.bin/sucrase': '/home/fullstack-user/frontend/node_modules/.bin/.sucrase-XN0xrhBK',
64 silly reify   '/home/fullstack-user/frontend/node_modules/.bin/sucrase-node': '/home/fullstack-user/frontend/node_modules/.bin/.sucrase-node-JlD8cBgV',
64 silly reify   '/home/fullstack-user/frontend/node_modules/tailwindcss': '/home/fullstack-user/frontend/node_modules/.tailwindcss-wq6mEqvv',
64 silly reify   '/home/fullstack-user/frontend/node_modules/.bin/tailwind': '/home/fullstack-user/frontend/node_modules/.bin/.tailwind-jCXKH4iC',
64 silly reify   '/home/fullstack-user/frontend/node_modules/.bin/tailwindcss': '/home/fullstack-user/frontend/node_modules/.bin/.tailwindcss-fMriUO9d',
64 silly reify   '/home/fullstack-user/frontend/node_modules/terser': '/home/fullstack-user/frontend/node_modules/.terser-AYSZkasq',
64 silly reify   '/home/fullstack-user/frontend/node_modules/.bin/terser': '/home/fullstack-user/frontend/node_modules/.bin/.terser-szf1XyUH',
64 silly reify   '/home/fullstack-user/frontend/node_modules/temp/node_modules/rimraf': '/home/fullstack-user/frontend/node_modules/temp/node_modules/.rimraf-snn6fJ4c',
64 silly reify   '/home/fullstack-user/frontend/node_modules/temp/node_modules/.bin/rimraf': '/home/fullstack-user/frontend/node_modules/temp/node_modules/.bin/.rimraf-XP2fLt2m',
64 silly reify   '/home/fullstack-user/frontend/node_modules/typescript': '/home/fullstack-user/frontend/node_modules/.typescript-hPnAdOmc',
64 silly reify   '/home/fullstack-user/frontend/node_modules/.bin/tsc': '/home/fullstack-user/frontend/node_modules/.bin/.tsc-NVKPvXXZ',
64 silly reify   '/home/fullstack-user/frontend/node_modules/.bin/tsserver': '/home/fullstack-user/frontend/node_modules/.bin/.tsserver-K6lj1cHj',
64 silly reify   '/home/fullstack-user/frontend/node_modules/update-browserslist-db': '/home/fullstack-user/frontend/node_modules/.update-browserslist-db-DlN0obyh',
64 silly reify   '/home/fullstack-user/frontend/node_modules/.bin/update-browserslist-db': '/home/fullstack-user/frontend/node_modules/.bin/.update-browserslist-db-PTF3Zuiv',
64 silly reify   '/home/fullstack-user/frontend/node_modules/which': '/home/fullstack-user/frontend/node_modules/.which-lvFH2reT',
64 silly reify   '/home/fullstack-user/frontend/node_modules/.bin/node-which': '/home/fullstack-user/frontend/node_modules/.bin/.node-which-cPkkAfTD',
64 silly reify   '/home/fullstack-user/frontend/node_modules/yaml': '/home/fullstack-user/frontend/node_modules/.yaml-cH1SIgne',
64 silly reify   '/home/fullstack-user/frontend/node_modules/.bin/yaml': '/home/fullstack-user/frontend/node_modules/.bin/.yaml-hEaEsO0U',
64 silly reify   '/home/fullstack-user/frontend/node_modules/@babel/core/node_modules/semver': '/home/fullstack-user/frontend/node_modules/@babel/core/node_modules/.semver-7ehgHxjj',
64 silly reify   '/home/fullstack-user/frontend/node_modules/@babel/core/node_modules/.bin/semver': '/home/fullstack-user/frontend/node_modules/@babel/core/node_modules/.bin/.semver-6RykijpC',
64 silly reify   '/home/fullstack-user/frontend/node_modules/@babel/helper-compilation-targets/node_modules/semver': '/home/fullstack-user/frontend/node_modules/@babel/helper-compilation-targets/node_modules/.semver-UPkLsmXg',
64 silly reify   '/home/fullstack-user/frontend/node_modules/@babel/helper-compilation-targets/node_modules/.bin/semver': '/home/fullstack-user/frontend/node_modules/@babel/helper-compilation-targets/node_modules/.bin/.semver-Ha1kAn9D',
64 silly reify   '/home/fullstack-user/frontend/node_modules/@babel/helper-create-regexp-features-plugin/node_modules/semver': '/home/fullstack-user/frontend/node_modules/@babel/helper-create-regexp-features-plugin/node_modules/.semver-tyYEAtTG',
64 silly reify   '/home/fullstack-user/frontend/node_modules/@babel/helper-create-regexp-features-plugin/node_modules/.bin/semver': '/home/fullstack-user/frontend/node_modules/@babel/helper-create-regexp-features-plugin/node_modules/.bin/.semver-AFlidMuR',
64 silly reify   '/home/fullstack-user/frontend/node_modules/@babel/helper-create-class-features-plugin/node_modules/semver': '/home/fullstack-user/frontend/node_modules/@babel/helper-create-class-features-plugin/node_modules/.semver-XdDmq9zp',
64 silly reify   '/home/fullstack-user/frontend/node_modules/@babel/helper-create-class-features-plugin/node_modules/.bin/semver': '/home/fullstack-user/frontend/node_modules/@babel/helper-create-class-features-plugin/node_modules/.bin/.semver-z5sKeEoV',
64 silly reify   '/home/fullstack-user/frontend/node_modules/@babel/parser': '/home/fullstack-user/frontend/node_modules/@babel/.parser-kGxqtBZC',
64 silly reify   '/home/fullstack-user/frontend/node_modules/.bin/parser': '/home/fullstack-user/frontend/node_modules/.bin/.parser-rL7mC48j',
64 silly reify   '/home/fullstack-user/frontend/node_modules/@babel/plugin-transform-runtime/node_modules/semver': '/home/fullstack-user/frontend/node_modules/@babel/plugin-transform-runtime/node_modules/.semver-UmIfARjf',
64 silly reify   '/home/fullstack-user/frontend/node_modules/@babel/plugin-transform-runtime/node_modules/.bin/semver': '/home/fullstack-user/frontend/node_modules/@babel/plugin-transform-runtime/node_modules/.bin/.semver-VWdWPZ5x',
64 silly reify   '/home/fullstack-user/frontend/node_modules/@babel/preset-env/node_modules/semver': '/home/fullstack-user/frontend/node_modules/@babel/preset-env/node_modules/.semver-ZCi32pXF',
64 silly reify   '/home/fullstack-user/frontend/node_modules/@babel/preset-env/node_modules/.bin/semver': '/home/fullstack-user/frontend/node_modules/@babel/preset-env/node_modules/.bin/.semver-sQWcAykE',
64 silly reify   '/home/fullstack-user/frontend/node_modules/@istanbuljs/load-nyc-config/node_modules/js-yaml': '/home/fullstack-user/frontend/node_modules/@istanbuljs/load-nyc-config/node_modules/.js-yaml-pAdjIrYw',
64 silly reify   '/home/fullstack-user/frontend/node_modules/@istanbuljs/load-nyc-config/node_modules/.bin/js-yaml': '/home/fullstack-user/frontend/node_modules/@istanbuljs/load-nyc-config/node_modules/.bin/.js-yaml-BsWwVgUP'
64 silly reify }
65 silly audit bulk request {
65 silly audit   '@alloc/quick-lru': [ '5.2.0' ],
65 silly audit   '@ampproject/remapping': [ '2.3.0' ],
65 silly audit   '@babel/code-frame': [ '7.25.9' ],
65 silly audit   '@babel/compat-data': [ '7.25.9' ],
65 silly audit   '@babel/core': [ '7.25.9' ],
65 silly audit   semver: [ '6.3.1', '5.7.2', '7.6.2' ],
65 silly audit   '@babel/generator': [ '7.25.9' ],
65 silly audit   '@babel/helper-annotate-as-pure': [ '7.25.9' ],
65 silly audit   '@babel/helper-builder-binary-assignment-operator-visitor': [ '7.25.9' ],
65 silly audit   '@babel/helper-compilation-targets': [ '7.25.9' ],
65 silly audit   '@babel/helper-create-class-features-plugin': [ '7.25.9' ],
65 silly audit   '@babel/helper-create-regexp-features-plugin': [ '7.25.9' ],
65 silly audit   '@babel/helper-define-polyfill-provider': [ '0.6.2' ],
65 silly audit   '@babel/helper-member-expression-to-functions': [ '7.25.9' ],
65 silly audit   '@babel/helper-module-imports': [ '7.25.9' ],
65 silly audit   '@babel/helper-module-transforms': [ '7.25.9' ],
65 silly audit   '@babel/helper-optimise-call-expression': [ '7.25.9' ],
65 silly audit   '@babel/helper-plugin-utils': [ '7.25.9' ],
65 silly audit   '@babel/helper-remap-async-to-generator': [ '7.25.9' ],
65 silly audit   '@babel/helper-replace-supers': [ '7.25.9' ],
65 silly audit   '@babel/helper-simple-access': [ '7.25.9' ],
65 silly audit   '@babel/helper-skip-transparent-expression-wrappers': [ '7.25.9' ],
65 silly audit   '@babel/helper-string-parser': [ '7.25.9' ],
65 silly audit   '@babel/helper-validator-identifier': [ '7.25.9' ],
65 silly audit   '@babel/helper-validator-option': [ '7.25.9' ],
65 silly audit   '@babel/helper-wrap-function': [ '7.25.9' ],
65 silly audit   '@babel/helpers': [ '7.25.9' ],
65 silly audit   '@babel/highlight': [ '7.25.9' ],
65 silly audit   '@babel/parser': [ '7.25.9' ],
65 silly audit   '@babel/plugin-bugfix-firefox-class-in-computed-class-key': [ '7.25.9' ],
65 silly audit   '@babel/plugin-bugfix-safari-class-field-initializer-scope': [ '7.25.9' ],
65 silly audit   '@babel/plugin-bugfix-safari-id-destructuring-collision-in-function-expression': [ '7.25.9' ],
65 silly audit   '@babel/plugin-bugfix-v8-spread-parameters-in-optional-chaining': [ '7.25.9' ],
65 silly audit   '@babel/plugin-bugfix-v8-static-class-fields-redefine-readonly': [ '7.25.9' ],
65 silly audit   '@babel/plugin-proposal-class-properties': [ '7.18.6' ],
65 silly audit   '@babel/plugin-proposal-export-default-from': [ '7.25.9' ],
65 silly audit   '@babel/plugin-proposal-nullish-coalescing-operator': [ '7.18.6' ],
65 silly audit   '@babel/plugin-proposal-optional-chaining': [ '7.21.0' ],
65 silly audit   '@babel/plugin-proposal-private-property-in-object': [ '7.21.0-placeholder-for-preset-env.2' ],
65 silly audit   '@babel/plugin-syntax-async-generators': [ '7.8.4' ],
65 silly audit   '@babel/plugin-syntax-bigint': [ '7.8.3' ],
65 silly audit   '@babel/plugin-syntax-class-properties': [ '7.12.13' ],
65 silly audit   '@babel/plugin-syntax-class-static-block': [ '7.14.5' ],
65 silly audit   '@babel/plugin-syntax-dynamic-import': [ '7.8.3' ],
65 silly audit   '@babel/plugin-syntax-export-default-from': [ '7.25.9' ],
65 silly audit   '@babel/plugin-syntax-flow': [ '7.25.9' ],
65 silly audit   '@babel/plugin-syntax-import-assertions': [ '7.25.9' ],
65 silly audit   '@babel/plugin-syntax-import-attributes': [ '7.25.9' ],
65 silly audit   '@babel/plugin-syntax-import-meta': [ '7.10.4' ],
65 silly audit   '@babel/plugin-syntax-json-strings': [ '7.8.3' ],
65 silly audit   '@babel/plugin-syntax-jsx': [ '7.25.9' ],
65 silly audit   '@babel/plugin-syntax-logical-assignment-operators': [ '7.10.4' ],
65 silly audit   '@babel/plugin-syntax-nullish-coalescing-operator': [ '7.8.3' ],
65 silly audit   '@babel/plugin-syntax-numeric-separator': [ '7.10.4' ],
65 silly audit   '@babel/plugin-syntax-object-rest-spread': [ '7.8.3' ],
65 silly audit   '@babel/plugin-syntax-optional-catch-binding': [ '7.8.3' ],
65 silly audit   '@babel/plugin-syntax-optional-chaining': [ '7.8.3' ],
65 silly audit   '@babel/plugin-syntax-private-property-in-object': [ '7.14.5' ],
65 silly audit   '@babel/plugin-syntax-top-level-await': [ '7.14.5' ],
65 silly audit   '@babel/plugin-syntax-typescript': [ '7.25.9' ],
65 silly audit   '@babel/plugin-syntax-unicode-sets-regex': [ '7.18.6' ],
65 silly audit   '@babel/plugin-transform-arrow-functions': [ '7.25.9' ],
65 silly audit   '@babel/plugin-transform-async-generator-functions': [ '7.25.9' ],
65 silly audit   '@babel/plugin-transform-async-to-generator': [ '7.25.9' ],
65 silly audit   '@babel/plugin-transform-block-scoped-functions': [ '7.25.9' ],
65 silly audit   '@babel/plugin-transform-block-scoping': [ '7.25.9' ],
65 silly audit   '@babel/plugin-transform-class-properties': [ '7.25.9' ],
65 silly audit   '@babel/plugin-transform-class-static-block': [ '7.25.9' ],
65 silly audit   '@babel/plugin-transform-classes': [ '7.25.9' ],
65 silly audit   '@babel/plugin-transform-computed-properties': [ '7.25.9' ],
65 silly audit   '@babel/plugin-transform-destructuring': [ '7.25.9' ],
65 silly audit   '@babel/plugin-transform-dotall-regex': [ '7.25.9' ],
65 silly audit   '@babel/plugin-transform-duplicate-keys': [ '7.25.9' ],
65 silly audit   '@babel/plugin-transform-duplicate-named-capturing-groups-regex': [ '7.25.9' ],
65 silly audit   '@babel/plugin-transform-dynamic-import': [ '7.25.9' ],
65 silly audit   '@babel/plugin-transform-exponentiation-operator': [ '7.25.9' ],
65 silly audit   '@babel/plugin-transform-export-namespace-from': [ '7.25.9' ],
65 silly audit   '@babel/plugin-transform-flow-strip-types': [ '7.25.9' ],
65 silly audit   '@babel/plugin-transform-for-of': [ '7.25.9' ],
65 silly audit   '@babel/plugin-transform-function-name': [ '7.25.9' ],
65 silly audit   '@babel/plugin-transform-json-strings': [ '7.25.9' ],
65 silly audit   '@babel/plugin-transform-literals': [ '7.25.9' ],
65 silly audit   '@babel/plugin-transform-logical-assignment-operators': [ '7.25.9' ],
65 silly audit   '@babel/plugin-transform-member-expression-literals': [ '7.25.9' ],
65 silly audit   '@babel/plugin-transform-modules-amd': [ '7.25.9' ],
65 silly audit   '@babel/plugin-transform-modules-commonjs': [ '7.25.9' ],
65 silly audit   '@babel/plugin-transform-modules-systemjs': [ '7.25.9' ],
65 silly audit   '@babel/plugin-transform-modules-umd': [ '7.25.9' ],
65 silly audit   '@babel/plugin-transform-named-capturing-groups-regex': [ '7.25.9' ],
65 silly audit   '@babel/plugin-transform-new-target': [ '7.25.9' ],
65 silly audit   '@babel/plugin-transform-nullish-coalescing-operator': [ '7.25.9' ],
65 silly audit   '@babel/plugin-transform-numeric-separator': [ '7.25.9' ],
65 silly audit   '@babel/plugin-transform-object-rest-spread': [ '7.25.9' ],
65 silly audit   '@babel/plugin-transform-object-super': [ '7.25.9' ],
65 silly audit   '@babel/plugin-transform-optional-catch-binding': [ '7.25.9' ],
65 silly audit   '@babel/plugin-transform-optional-chaining': [ '7.25.9' ],
65 silly audit   '@babel/plugin-transform-parameters': [ '7.25.9' ],
65 silly audit   '@babel/plugin-transform-private-methods': [ '7.25.9' ],
65 silly audit   '@babel/plugin-transform-private-property-in-object': [ '7.25.9' ],
65 silly audit   '@babel/plugin-transform-property-literals': [ '7.25.9' ],
65 silly audit   '@babel/plugin-transform-react-display-name': [ '7.25.9' ],
65 silly audit   '@babel/plugin-transform-react-jsx': [ '7.25.9' ],
65 silly audit   '@babel/plugin-transform-react-jsx-self': [ '7.24.7' ],
65 silly audit   '@babel/plugin-transform-react-jsx-source': [ '7.24.7' ],
65 silly audit   '@babel/plugin-transform-regenerator': [ '7.25.9' ],
65 silly audit   '@babel/plugin-transform-reserved-words': [ '7.25.9' ],
65 silly audit   '@babel/plugin-transform-runtime': [ '7.25.9' ],
65 silly audit   '@babel/plugin-transform-shorthand-properties': [ '7.25.9' ],
65 silly audit   '@babel/plugin-transform-spread': [ '7.25.9' ],
65 silly audit   '@babel/plugin-transform-sticky-regex': [ '7.25.9' ],
65 silly audit   '@babel/plugin-transform-template-literals': [ '7.25.9' ],
65 silly audit   '@babel/plugin-transform-typeof-symbol': [ '7.25.9' ],
65 silly audit   '@babel/plugin-transform-typescript': [ '7.25.9' ],
65 silly audit   '@babel/plugin-transform-unicode-escapes': [ '7.25.9' ],
65 silly audit   '@babel/plugin-transform-unicode-property-regex': [ '7.25.9' ],
65 silly audit   '@babel/plugin-transform-unicode-regex': [ '7.25.9' ],
65 silly audit   '@babel/plugin-transform-unicode-sets-regex': [ '7.25.9' ],
65 silly audit   '@babel/preset-env': [ '7.25.9' ],
65 silly audit   '@babel/preset-flow': [ '7.25.9' ],
65 silly audit   '@babel/preset-modules': [ '0.1.6-no-external-plugins' ],
65 silly audit   '@babel/preset-typescript': [ '7.25.9' ],
65 silly audit   '@babel/register': [ '7.25.9' ],
65 silly audit   '@babel/runtime': [ '7.25.9' ],
65 silly audit   '@babel/template': [ '7.25.9' ],
65 silly audit   '@babel/traverse': [ '7.25.9' ],
65 silly audit   '@babel/types': [ '7.25.9' ],
65 silly audit   '@esbuild/aix-ppc64': [ '0.21.5' ],
65 silly audit   '@esbuild/android-arm': [ '0.21.5' ],
65 silly audit   '@esbuild/android-arm64': [ '0.21.5' ],
65 silly audit   '@esbuild/android-x64': [ '0.21.5' ],
65 silly audit   '@esbuild/darwin-arm64': [ '0.21.5' ],
65 silly audit   '@esbuild/darwin-x64': [ '0.21.5' ],
65 silly audit   '@esbuild/freebsd-arm64': [ '0.21.5' ],
65 silly audit   '@esbuild/freebsd-x64': [ '0.21.5' ],
65 silly audit   '@esbuild/linux-arm': [ '0.21.5' ],
65 silly audit   '@esbuild/linux-arm64': [ '0.21.5' ],
65 silly audit   '@esbuild/linux-ia32': [ '0.21.5' ],
65 silly audit   '@esbuild/linux-loong64': [ '0.21.5' ],
65 silly audit   '@esbuild/linux-mips64el': [ '0.21.5' ],
65 silly audit   '@esbuild/linux-ppc64': [ '0.21.5' ],
65 silly audit   '@esbuild/linux-riscv64': [ '0.21.5' ],
65 silly audit   '@esbuild/linux-s390x': [ '0.21.5' ],
65 silly audit   '@esbuild/linux-x64': [ '0.21.5' ],
65 silly audit   '@esbuild/netbsd-x64': [ '0.21.5' ],
65 silly audit   '@esbuild/openbsd-x64': [ '0.21.5' ],
65 silly audit   '@esbuild/sunos-x64': [ '0.21.5' ],
65 silly audit   '@esbuild/win32-arm64': [ '0.21.5' ],
65 silly audit   '@esbuild/win32-ia32': [ '0.21.5' ],
65 silly audit   '@esbuild/win32-x64': [ '0.21.5' ],
65 silly audit   '@eslint-community/eslint-utils': [ '4.4.0' ],
65 silly audit   '@eslint-community/regexpp': [ '4.10.1' ],
65 silly audit   '@eslint/eslintrc': [ '2.1.4' ],
65 silly audit   'brace-expansion': [ '1.1.11', '2.0.1' ],
65 silly audit   globals: [ '13.24.0', '11.12.0' ],
65 silly audit   minimatch: [ '3.1.2', '9.0.4' ],
65 silly audit   '@eslint/js': [ '8.57.0' ],
65 silly audit   '@floating-ui/core': [ '1.6.8' ],
65 silly audit   '@floating-ui/dom': [ '1.6.11' ],
65 silly audit   '@floating-ui/react-dom': [ '2.1.2' ],
65 silly audit   '@floating-ui/utils': [ '0.2.8' ],
65 silly audit   '@humanwhocodes/config-array': [ '0.11.14' ],
65 silly audit   '@humanwhocodes/module-importer': [ '1.0.1' ],
65 silly audit   '@humanwhocodes/object-schema': [ '2.0.3' ],
65 silly audit   '@isaacs/cliui': [ '8.0.2' ],
65 silly audit   'ansi-regex': [ '6.0.1', '5.0.1' ],
65 silly audit   'strip-ansi': [ '7.1.0', '6.0.1' ],
65 silly audit   '@isaacs/ttlcache': [ '1.4.1' ],
65 silly audit   '@istanbuljs/load-nyc-config': [ '1.1.0' ],
65 silly audit   argparse: [ '1.0.10', '2.0.1' ],
65 silly audit   'find-up': [ '4.1.0', '5.0.0', '3.0.0' ],
65 silly audit   'js-yaml': [ '3.14.1', '4.1.0' ],
65 silly audit   'locate-path': [ '5.0.0', '6.0.0', '3.0.0' ],
65 silly audit   'p-limit': [ '2.3.0', '3.1.0' ],
65 silly audit   'p-locate': [ '4.1.0', '5.0.0', '3.0.0' ],
65 silly audit   'resolve-from': [ '5.0.0', '3.0.0', '4.0.0' ],
65 silly audit   '@istanbuljs/schema': [ '0.1.3' ],
65 silly audit   '@jest/create-cache-key-function': [ '29.7.0' ],
65 silly audit   '@jest/environment': [ '29.7.0' ],
65 silly audit   '@jest/fake-timers': [ '29.7.0' ],
65 silly audit   '@jest/schemas': [ '29.6.3' ],
65 silly audit   '@jest/transform': [ '29.7.0' ],
65 silly audit   'ansi-styles': [ '4.3.0', '3.2.1', '5.2.0', '6.2.1' ],
65 silly audit   chalk: [ '4.1.2', '2.4.2' ],
65 silly audit   'color-convert': [ '2.0.1', '1.9.3' ],
65 silly audit   'color-name': [ '1.1.4', '1.1.3' ],
65 silly audit   'has-flag': [ '4.0.0', '3.0.0' ],
65 silly audit   'supports-color': [ '7.2.0', '8.1.1', '5.5.0' ],
65 silly audit   '@jest/types': [ '29.6.3' ],
65 silly audit   '@jridgewell/gen-mapping': [ '0.3.5' ],
65 silly audit   '@jridgewell/resolve-uri': [ '3.1.2' ],
65 silly audit   '@jridgewell/set-array': [ '1.2.1' ],
65 silly audit   '@jridgewell/source-map': [ '0.3.6' ],
65 silly audit   '@jridgewell/sourcemap-codec': [ '1.4.15' ],
65 silly audit   '@jridgewell/trace-mapping': [ '0.3.25' ],
65 silly audit   '@nodelib/fs.scandir': [ '2.1.5' ],
65 silly audit   '@nodelib/fs.stat': [ '2.0.5' ],
65 silly audit   '@nodelib/fs.walk': [ '1.2.8' ],
65 silly audit   '@pkgjs/parseargs': [ '0.11.0' ],
65 silly audit   '@radix-ui/primitive': [ '1.1.0' ],
65 silly audit   '@radix-ui/react-accordion': [ '1.2.1' ],
65 silly audit   '@radix-ui/react-arrow': [ '1.1.0' ],
65 silly audit   '@radix-ui/react-avatar': [ '1.1.1' ],
65 silly audit   '@radix-ui/react-collapsible': [ '1.1.1' ],
65 silly audit   '@radix-ui/react-collection': [ '1.1.0' ],
65 silly audit   '@radix-ui/react-context': [ '1.1.0', '1.1.1' ],
65 silly audit   '@radix-ui/react-compose-refs': [ '1.1.0' ],
65 silly audit   '@radix-ui/react-dialog': [ '1.1.2' ],
65 silly audit   '@radix-ui/react-direction': [ '1.1.0' ],
65 silly audit   '@radix-ui/react-dismissable-layer': [ '1.1.1' ],
65 silly audit   '@radix-ui/react-dropdown-menu': [ '2.1.2' ],
65 silly audit   '@radix-ui/react-focus-guards': [ '1.1.1' ],
65 silly audit   '@radix-ui/react-focus-scope': [ '1.1.0' ],
65 silly audit   '@radix-ui/react-icons': [ '1.3.0' ],
65 silly audit   '@radix-ui/react-id': [ '1.1.0' ],
65 silly audit   '@radix-ui/react-menu': [ '2.1.2' ],
65 silly audit   '@radix-ui/react-navigation-menu': [ '1.2.1' ],
65 silly audit   '@radix-ui/react-popper': [ '1.2.0' ],
65 silly audit   '@radix-ui/react-portal': [ '1.1.2' ],
65 silly audit   '@radix-ui/react-presence': [ '1.1.1' ],
65 silly audit   '@radix-ui/react-primitive': [ '2.0.0' ],
65 silly audit   '@radix-ui/react-roving-focus': [ '1.1.0' ],
65 silly audit   '@radix-ui/react-slot': [ '1.1.0' ],
65 silly audit   '@radix-ui/react-use-callback-ref': [ '1.1.0' ],
65 silly audit   '@radix-ui/react-use-controllable-state': [ '1.1.0' ],
65 silly audit   '@radix-ui/react-use-escape-keydown': [ '1.1.0' ],
65 silly audit   '@radix-ui/react-use-layout-effect': [ '1.1.0' ],
65 silly audit   '@radix-ui/react-use-previous': [ '1.1.0' ],
65 silly audit   '@radix-ui/react-use-rect': [ '1.1.0' ],
65 silly audit   '@radix-ui/react-use-size': [ '1.1.0' ],
65 silly audit   '@radix-ui/react-visually-hidden': [ '1.1.0' ],
65 silly audit   '@radix-ui/rect': [ '1.1.0' ],
65 silly audit   '@react-native/assets-registry': [ '0.76.0' ],
65 silly audit   '@react-native/babel-plugin-codegen': [ '0.76.0' ],
65 silly audit   '@react-native/babel-preset': [ '0.76.0' ],
65 silly audit   '@react-native/codegen': [ '0.76.0' ],
65 silly audit   '@react-native/community-cli-plugin': [ '0.76.0' ],
65 silly audit   '@react-native/debugger-frontend': [ '0.76.0' ],
65 silly audit   '@react-native/dev-middleware': [ '0.76.0' ],
65 silly audit   debug: [ '2.6.9', '4.3.5' ],
65 silly audit   ms: [ '2.0.0', '2.1.2', '2.1.3' ],
65 silly audit   '@react-native/gradle-plugin': [ '0.76.0' ],
65 silly audit   '@react-native/js-polyfills': [ '0.76.0' ],
65 silly audit   '@react-native/metro-babel-transformer': [ '0.76.0' ],
65 silly audit   '@react-native/normalize-colors': [ '0.76.0' ],
65 silly audit   '@react-native/virtualized-lists': [ '0.76.0' ],
65 silly audit   '@react-spring/animated': [ '9.7.5' ],
65 silly audit   '@react-spring/core': [ '9.7.5' ],
65 silly audit   '@react-spring/konva': [ '9.7.5' ],
65 silly audit   '@react-spring/native': [ '9.7.5' ],
65 silly audit   '@react-spring/rafz': [ '9.7.5' ],
65 silly audit   '@react-spring/shared': [ '9.7.5' ],
65 silly audit   '@react-spring/three': [ '9.7.5' ],
65 silly audit   '@react-spring/types': [ '9.7.5' ],
65 silly audit   '@react-spring/web': [ '9.7.5' ],
65 silly audit   '@react-spring/zdog': [ '9.7.5' ],
65 silly audit   '@react-three/fiber': [ '8.17.10' ],
65 silly audit   scheduler: [ '0.21.0', '0.24.0-canary-efb381bbf-20230505', '0.23.2' ],
65 silly audit   '@remix-run/router': [ '1.19.2' ],
65 silly audit   '@rollup/rollup-android-arm-eabi': [ '4.24.0' ],
65 silly audit   '@rollup/rollup-android-arm64': [ '4.24.0' ],
65 silly audit   '@rollup/rollup-darwin-arm64': [ '4.24.0' ],
65 silly audit   '@rollup/rollup-darwin-x64': [ '4.24.0' ],
65 silly audit   '@rollup/rollup-linux-arm-gnueabihf': [ '4.24.0' ],
65 silly audit   '@rollup/rollup-linux-arm-musleabihf': [ '4.24.0' ],
65 silly audit   '@rollup/rollup-linux-arm64-gnu': [ '4.24.0' ],
65 silly audit   '@rollup/rollup-linux-arm64-musl': [ '4.24.0' ],
65 silly audit   '@rollup/rollup-linux-powerpc64le-gnu': [ '4.24.0' ],
65 silly audit   '@rollup/rollup-linux-riscv64-gnu': [ '4.24.0' ],
65 silly audit   '@rollup/rollup-linux-s390x-gnu': [ '4.24.0' ],
65 silly audit   '@rollup/rollup-linux-x64-gnu': [ '4.24.0' ],
65 silly audit   '@rollup/rollup-linux-x64-musl': [ '4.24.0' ],
65 silly audit   '@rollup/rollup-win32-arm64-msvc': [ '4.24.0' ],
65 silly audit   '@rollup/rollup-win32-ia32-msvc': [ '4.24.0' ],
65 silly audit   '@rollup/rollup-win32-x64-msvc': [ '4.24.0' ],
65 silly audit   '@sinclair/typebox': [ '0.27.8' ],
65 silly audit   '@sinonjs/commons': [ '3.0.1' ],
65 silly audit   '@sinonjs/fake-timers': [ '10.3.0' ],
65 silly audit   '@types/babel__core': [ '7.20.5' ],
65 silly audit   '@types/babel__generator': [ '7.6.8' ],
65 silly audit   '@types/babel__template': [ '7.4.4' ],
65 silly audit   '@types/babel__traverse': [ '7.20.6' ],
65 silly audit   '@types/debounce': [ '1.2.4' ],
65 silly audit   '@types/estree': [ '1.0.6' ],
65 silly audit   '@types/graceful-fs': [ '4.1.9' ],
65 silly audit   '@types/istanbul-lib-coverage': [ '2.0.6' ],
65 silly audit   '@types/istanbul-lib-report': [ '3.0.3' ],
65 silly audit   '@types/istanbul-reports': [ '3.0.4' ],
65 silly audit   '@types/node': [ '20.14.2' ],
65 silly audit   '@types/node-forge': [ '1.3.11' ],
65 silly audit   '@types/prop-types': [ '15.7.12' ],
65 silly audit   '@types/react': [ '18.3.3' ],
65 silly audit   '@types/react-dom': [ '18.3.0' ],
65 silly audit   '@types/react-reconciler': [ '0.26.7', '0.28.8' ],
65 silly audit   '@types/stack-utils': [ '2.0.3' ],
65 silly audit   '@types/webxr': [ '0.5.20' ],
65 silly audit   '@types/yargs': [ '17.0.33' ],
65 silly audit   '@types/yargs-parser': [ '21.0.3' ],
65 silly audit   '@typescript-eslint/eslint-plugin': [ '7.12.0' ],
65 silly audit   '@typescript-eslint/parser': [ '7.12.0' ],
65 silly audit   '@typescript-eslint/scope-manager': [ '7.12.0' ],
65 silly audit   '@typescript-eslint/type-utils': [ '7.12.0' ],
65 silly audit   '@typescript-eslint/types': [ '7.12.0' ],
65 silly audit   '@typescript-eslint/typescript-estree': [ '7.12.0' ],
65 silly audit   '@typescript-eslint/utils': [ '7.12.0' ],
65 silly audit   '@typescript-eslint/visitor-keys': [ '7.12.0' ],
65 silly audit   '@ungap/structured-clone': [ '1.2.0' ],
65 silly audit   '@vitejs/plugin-react': [ '4.3.0' ],
65 silly audit   'abort-controller': [ '3.0.0' ],
65 silly audit   accepts: [ '1.3.8' ],
65 silly audit   acorn: [ '8.11.3' ],
65 silly audit   'acorn-jsx': [ '5.3.2' ],
65 silly audit   ajv: [ '6.12.6' ],
65 silly audit   anser: [ '1.4.10' ],
65 silly audit   'any-promise': [ '1.3.0' ],
65 silly audit   anymatch: [ '3.1.3' ],
65 silly audit   arg: [ '5.0.2' ],
65 silly audit   'aria-hidden': [ '1.2.4' ],
65 silly audit   'array-union': [ '2.1.0' ],
65 silly audit   asap: [ '2.0.6' ],
65 silly audit   'ast-types': [ '0.15.2' ],
65 silly audit   'async-limiter': [ '1.0.1' ],
65 silly audit   autoprefixer: [ '10.4.19' ],
65 silly audit   'babel-core': [ '7.0.0-bridge.0' ],
65 silly audit   'babel-jest': [ '29.7.0' ],
65 silly audit   'babel-plugin-istanbul': [ '6.1.1' ],
65 silly audit   'babel-plugin-jest-hoist': [ '29.6.3' ],
65 silly audit   'babel-plugin-polyfill-corejs2': [ '0.4.11' ],
65 silly audit   'babel-plugin-polyfill-corejs3': [ '0.10.6' ],
65 silly audit   'babel-plugin-polyfill-regenerator': [ '0.6.2' ],
65 silly audit   'babel-plugin-syntax-hermes-parser': [ '0.23.1' ],
65 silly audit   'babel-plugin-transform-flow-enums': [ '0.0.2' ],
65 silly audit   'babel-preset-current-node-syntax': [ '1.1.0' ],
65 silly audit   'babel-preset-jest': [ '29.6.3' ],
65 silly audit   'balanced-match': [ '1.0.2' ],
65 silly audit   'base64-js': [ '1.5.1' ],
65 silly audit   'binary-extensions': [ '2.3.0' ],
65 silly audit   braces: [ '3.0.3' ],
65 silly audit   browserslist: [ '4.24.2' ],
65 silly audit   bser: [ '2.1.1' ],
65 silly audit   buffer: [ '6.0.3' ],
65 silly audit   'buffer-from': [ '1.1.2' ],
65 silly audit   'caller-callsite': [ '2.0.0' ],
65 silly audit   callsites: [ '2.0.0', '3.1.0' ],
65 silly audit   'caller-path': [ '2.0.0' ],
65 silly audit   camelcase: [ '5.3.1', '6.3.0' ],
65 silly audit   'camelcase-css': [ '2.0.1' ],
65 silly audit   'caniuse-lite': [ '1.0.30001669' ],
65 silly audit   chokidar: [ '3.6.0' ],
65 silly audit   'glob-parent': [ '5.1.2', '6.0.2' ],
65 silly audit   'chrome-launcher': [ '0.15.2' ],
65 silly audit   'escape-string-regexp': [ '4.0.0', '1.0.5', '2.0.0' ],
65 silly audit   'chromium-edge-launcher': [ '0.2.0' ],
65 silly audit   mkdirp: [ '1.0.4', '0.5.6' ],
65 silly audit   'ci-info': [ '3.9.0', '2.0.0' ],
65 silly audit   'class-variance-authority': [ '0.7.0' ],
65 silly audit   clsx: [ '2.0.0', '2.1.1' ],
65 silly audit   cliui: [ '8.0.1' ],
65 silly audit   'emoji-regex': [ '8.0.0', '9.2.2' ],
65 silly audit   'string-width': [ '4.2.3', '5.1.2' ],
65 silly audit   'wrap-ansi': [ '7.0.0', '8.1.0' ],
65 silly audit   'clone-deep': [ '4.0.1' ],
65 silly audit   cobe: [ '0.6.3' ],
65 silly audit   commander: [ '4.1.1', '12.1.0', '2.20.3' ],
65 silly audit   commondir: [ '1.0.1' ],
65 silly audit   'concat-map': [ '0.0.1' ],
65 silly audit   connect: [ '3.7.0' ],
65 silly audit   'convert-source-map': [ '2.0.0' ],
65 silly audit   'core-js-compat': [ '3.38.1' ],
65 silly audit   'core-util-is': [ '1.0.3' ],
65 silly audit   cosmiconfig: [ '5.2.1' ],
65 silly audit   'import-fresh': [ '2.0.0', '3.3.0' ],
65 silly audit   'cross-spawn': [ '7.0.3' ],
65 silly audit   cssesc: [ '3.0.0' ],
65 silly audit   csstype: [ '3.1.3' ],
65 silly audit   debounce: [ '1.2.1' ],
65 silly audit   'deep-is': [ '0.1.4' ],
65 silly audit   denodeify: [ '1.2.1' ],
65 silly audit   depd: [ '2.0.0' ],
65 silly audit   destroy: [ '1.2.0' ],
65 silly audit   'detect-node-es': [ '1.1.0' ],
65 silly audit   didyoumean: [ '1.2.2' ],
65 silly audit   'dir-glob': [ '3.0.1' ],
65 silly audit   dlv: [ '1.1.3' ],
65 silly audit   doctrine: [ '3.0.0' ],
65 silly audit   eastasianwidth: [ '0.2.0' ],
65 silly audit   'ee-first': [ '1.1.1' ],
65 silly audit   'electron-to-chromium': [ '1.5.44' ],
65 silly audit   encodeurl: [ '1.0.2', '2.0.0' ],
65 silly audit   'error-ex': [ '1.3.2' ],
65 silly audit   'error-stack-parser': [ '2.1.4' ],
65 silly audit   esbuild: [ '0.21.5' ],
65 silly audit   escalade: [ '3.2.0' ],
65 silly audit   'escape-html': [ '1.0.3' ],
65 silly audit   eslint: [ '8.57.0' ],
65 silly audit   'eslint-plugin-react-hooks': [ '4.6.2' ],
65 silly audit   'eslint-plugin-react-refresh': [ '0.4.7' ],
65 silly audit   'eslint-scope': [ '7.2.2' ],
65 silly audit   'eslint-visitor-keys': [ '3.4.3' ],
65 silly audit   espree: [ '9.6.1' ],
65 silly audit   esprima: [ '4.0.1' ],
65 silly audit   esquery: [ '1.5.0' ],
65 silly audit   esrecurse: [ '4.3.0' ],
65 silly audit   estraverse: [ '5.3.0' ],
65 silly audit   esutils: [ '2.0.3' ],
65 silly audit   etag: [ '1.8.1' ],
65 silly audit   'event-target-shim': [ '5.0.1' ],
65 silly audit   execa: [ '5.1.1' ],
65 silly audit   'signal-exit': [ '3.0.7', '4.1.0' ],
65 silly audit   'exponential-backoff': [ '3.1.1' ],
65 silly audit   'fast-deep-equal': [ '3.1.3' ],
65 silly audit   'fast-glob': [ '3.3.2' ],
65 silly audit   'fast-json-stable-stringify': [ '2.1.0' ],
65 silly audit   'fast-levenshtein': [ '2.0.6' ],
65 silly audit   fastq: [ '1.17.1' ],
65 silly audit   'fb-watchman': [ '2.0.2' ],
65 silly audit   'file-entry-cache': [ '6.0.1' ],
65 silly audit   'fill-range': [ '7.1.1' ],
65 silly audit   finalhandler: [ '1.1.2' ],
65 silly audit   'find-cache-dir': [ '2.1.0' ],
65 silly audit   'flat-cache': [ '3.2.0' ],
65 silly audit   flatted: [ '3.3.1' ],
65 silly audit   'flow-enums-runtime': [ '0.0.6' ],
65 silly audit   'flow-parser': [ '0.250.0' ],
65 silly audit   'foreground-child': [ '3.1.1' ],
65 silly audit   'fraction.js': [ '4.3.7' ],
65 silly audit   'framer-motion': [ '11.11.9' ],
65 silly audit   fresh: [ '0.5.2' ],
65 silly audit   'fs.realpath': [ '1.0.0' ],
65 silly audit   fsevents: [ '2.3.3' ],
65 silly audit   'function-bind': [ '1.1.2' ],
65 silly audit   gensync: [ '1.0.0-beta.2' ],
65 silly audit   'get-caller-file': [ '2.0.5' ],
65 silly audit   'get-nonce': [ '1.0.1' ],
65 silly audit   'get-package-type': [ '0.1.0' ],
65 silly audit   'get-stream': [ '6.0.1' ],
65 silly audit   glob: [ '7.2.3', '10.4.1' ],
65 silly audit   globby: [ '11.1.0' ],
65 silly audit   'graceful-fs': [ '4.2.11' ],
65 silly audit   graphemer: [ '1.4.0' ],
65 silly audit   hasown: [ '2.0.2' ],
65 silly audit   'hermes-estree': [ '0.23.1', '0.24.0' ],
65 silly audit   'hermes-parser': [ '0.23.1', '0.24.0' ],
65 silly audit   'http-errors': [ '2.0.0' ],
65 silly audit   statuses: [ '2.0.1', '1.5.0' ],
65 silly audit   'human-signals': [ '2.1.0' ],
65 silly audit   ieee754: [ '1.2.1' ],
65 silly audit   ignore: [ '5.3.1' ],
65 silly audit   'image-size': [ '1.1.1' ],
65 silly audit   imurmurhash: [ '0.1.4' ],
65 silly audit   inflight: [ '1.0.6' ],
65 silly audit   inherits: [ '2.0.4' ],
65 silly audit   invariant: [ '2.2.4' ],
65 silly audit   'is-arrayish': [ '0.2.1' ],
65 silly audit   'is-binary-path': [ '2.1.0' ],
65 silly audit   'is-core-module': [ '2.13.1' ],
65 silly audit   'is-directory': [ '0.3.1' ],
65 silly audit   'is-docker': [ '2.2.1' ],
65 silly audit   'is-extglob': [ '2.1.1' ],
65 silly audit   'is-fullwidth-code-point': [ '3.0.0' ],
65 silly audit   'is-glob': [ '4.0.3' ],
65 silly audit   'is-number': [ '7.0.0' ],
65 silly audit   'is-path-inside': [ '3.0.3' ],
65 silly audit   'is-plain-object': [ '2.0.4' ],
65 silly audit   'is-stream': [ '2.0.1' ],
65 silly audit   'is-wsl': [ '2.2.0' ],
65 silly audit   isarray: [ '1.0.0' ],
65 silly audit   isexe: [ '2.0.0' ],
65 silly audit   isobject: [ '3.0.1' ],
65 silly audit   'istanbul-lib-coverage': [ '3.2.2' ],
65 silly audit   'istanbul-lib-instrument': [ '5.2.1' ],
65 silly audit   'its-fine': [ '1.2.5' ],
65 silly audit   jackspeak: [ '3.4.0' ],
65 silly audit   'jest-environment-node': [ '29.7.0' ],
65 silly audit   'jest-get-type': [ '29.6.3' ],
65 silly audit   'jest-haste-map': [ '29.7.0' ],
65 silly audit   'jest-message-util': [ '29.7.0' ],
65 silly audit   'jest-mock': [ '29.7.0' ],
65 silly audit   'jest-regex-util': [ '29.6.3' ],
65 silly audit   'jest-util': [ '29.7.0' ],
65 silly audit   'jest-validate': [ '29.7.0' ],
65 silly audit   'jest-worker': [ '29.7.0' ],
65 silly audit   jiti: [ '1.21.3' ],
65 silly audit   'js-tokens': [ '4.0.0' ],
65 silly audit   'jsc-android': [ '250231.0.0' ],
65 silly audit   'jsc-safe-url': [ '0.2.4' ],
65 silly audit   jscodeshift: [ '0.14.0' ],
65 silly audit   'write-file-atomic': [ '2.4.3', '4.0.2' ],
65 silly audit   jsesc: [ '3.0.2' ],
65 silly audit   'json-buffer': [ '3.0.1' ],
65 silly audit   'json-parse-better-errors': [ '1.0.2' ],
65 silly audit   'json-schema-traverse': [ '0.4.1' ],
65 silly audit   'json-stable-stringify-without-jsonify': [ '1.0.1' ],
65 silly audit   json5: [ '2.2.3' ],
65 silly audit   keyv: [ '4.5.4' ],
65 silly audit   'kind-of': [ '6.0.3' ],
65 silly audit   konva: [ '9.3.16' ],
65 silly audit   leven: [ '3.1.0' ],
65 silly audit   levn: [ '0.4.1' ],
65 silly audit   'lighthouse-logger': [ '1.4.2' ],
65 silly audit   lilconfig: [ '2.1.0', '3.1.1' ],
65 silly audit   'lines-and-columns': [ '1.2.4' ],
65 silly audit   'lodash.debounce': [ '4.0.8' ],
65 silly audit   'lodash.merge': [ '4.6.2' ],
65 silly audit   'lodash.throttle': [ '4.1.1' ],
65 silly audit   'loose-envify': [ '1.4.0' ],
65 silly audit   'lru-cache': [ '5.1.1', '10.2.2' ],
65 silly audit   'lucide-react': [ '0.424.0' ],
65 silly audit   'make-dir': [ '2.1.0' ],
65 silly audit   pify: [ '4.0.1', '2.3.0' ],
65 silly audit   makeerror: [ '1.0.12' ],
65 silly audit   marky: [ '1.2.5' ],
65 silly audit   'memoize-one': [ '5.2.1' ],
65 silly audit   'merge-stream': [ '2.0.0' ],
65 silly audit   merge2: [ '1.4.1' ],
65 silly audit   metro: [ '0.81.0' ],
65 silly audit   'metro-babel-transformer': [ '0.81.0' ],
65 silly audit   'metro-cache': [ '0.81.0' ],
65 silly audit   'metro-cache-key': [ '0.81.0' ],
65 silly audit   'metro-config': [ '0.81.0' ],
65 silly audit   'metro-core': [ '0.81.0' ],
65 silly audit   'metro-file-map': [ '0.81.0' ],
65 silly audit   'metro-minify-terser': [ '0.81.0' ],
65 silly audit   'metro-resolver': [ '0.81.0' ],
65 silly audit   'metro-runtime': [ '0.81.0' ],
65 silly audit   'metro-source-map': [ '0.81.0' ],
65 silly audit   'metro-symbolicate': [ '0.81.0' ],
65 silly audit   'metro-transform-plugins': [ '0.81.0' ],
65 silly audit   'metro-transform-worker': [ '0.81.0' ],
65 silly audit   ws: [ '7.5.10', '6.2.3' ],
65 silly audit   micromatch: [ '4.0.8' ],
65 silly audit   mime: [ '1.6.0' ],
65 silly audit   'mime-db': [ '1.52.0' ],
65 silly audit   'mime-types': [ '2.1.35' ],
65 silly audit   'mimic-fn': [ '2.1.0' ],
65 silly audit   minimist: [ '1.2.8' ],
65 silly audit   minipass: [ '7.1.2' ],
65 silly audit   mz: [ '2.7.0' ],
65 silly audit   nanoid: [ '3.3.7' ],
65 silly audit   'natural-compare': [ '1.4.0' ],
65 silly audit   negotiator: [ '0.6.3' ],
65 silly audit   'neo-async': [ '2.6.2' ],
65 silly audit   'node-abort-controller': [ '3.1.1' ],
65 silly audit   'node-dir': [ '0.1.17' ],
65 silly audit   'node-fetch': [ '2.7.0' ],
65 silly audit   'node-forge': [ '1.3.1' ],
65 silly audit   'node-int64': [ '0.4.0' ],
65 silly audit   'node-releases': [ '2.0.18' ],
65 silly audit   'normalize-path': [ '3.0.0' ],
65 silly audit   'normalize-range': [ '0.1.2' ],
65 silly audit   'npm-run-path': [ '4.0.1' ],
65 silly audit   nullthrows: [ '1.1.1' ],
65 silly audit   ob1: [ '0.81.0' ],
65 silly audit   'object-assign': [ '4.1.1' ],
65 silly audit   'object-hash': [ '3.0.0' ],
65 silly audit   'on-finished': [ '2.3.0', '2.4.1' ],
65 silly audit   once: [ '1.4.0' ],
65 silly audit   onetime: [ '5.1.2' ],
65 silly audit   open: [ '7.4.2' ],
65 silly audit   optionator: [ '0.9.4' ],
65 silly audit   'p-try': [ '2.2.0' ],
65 silly audit   'parent-module': [ '1.0.1' ],
65 silly audit   'parse-json': [ '4.0.0' ],
65 silly audit   parseurl: [ '1.3.3' ],
65 silly audit   'path-exists': [ '4.0.0', '3.0.0' ],
65 silly audit   'path-is-absolute': [ '1.0.1' ],
65 silly audit   'path-key': [ '3.1.1' ],
65 silly audit   'path-parse': [ '1.0.7' ],
65 silly audit   'path-scurry': [ '1.11.1' ],
65 silly audit   'path-type': [ '4.0.0' ],
65 silly audit   phenomenon: [ '1.6.0' ],
65 silly audit   picocolors: [ '1.1.0' ],
65 silly audit   picomatch: [ '2.3.1' ],
65 silly audit   pirates: [ '4.0.6' ],
65 silly audit   'pkg-dir': [ '3.0.0' ],
65 silly audit   postcss: [ '8.4.47' ],
65 silly audit   'postcss-import': [ '15.1.0' ],
65 silly audit   'postcss-js': [ '4.0.1' ],
65 silly audit   'postcss-load-config': [ '4.0.2' ],
65 silly audit   'postcss-nested': [ '6.0.1' ],
65 silly audit   'postcss-selector-parser': [ '6.1.0' ],
65 silly audit   'postcss-value-parser': [ '4.2.0' ],
65 silly audit   'prelude-ls': [ '1.2.1' ],
65 silly audit   'pretty-format': [ '29.7.0' ],
65 silly audit   'process-nextick-args': [ '2.0.1' ],
65 silly audit   promise: [ '8.3.0' ],
65 silly audit   punycode: [ '2.3.1' ],
65 silly audit   queue: [ '6.0.2' ],
65 silly audit   'queue-microtask': [ '1.2.3' ],
65 silly audit   'range-parser': [ '1.2.1' ],
65 silly audit   react: [ '18.3.1' ],
65 silly audit   'react-devtools-core': [ '5.3.2' ],
65 silly audit   'react-dom': [ '18.3.1' ],
65 silly audit   'react-is': [ '18.3.1' ],
65 silly audit   'react-konva': [ '18.2.10' ],
65 silly audit   'react-reconciler': [ '0.29.2', '0.27.0' ],
65 silly audit   'react-native': [ '0.76.0' ],
65 silly audit   'regenerator-runtime': [ '0.13.11', '0.14.1' ],
65 silly audit   'react-refresh': [ '0.14.2' ],
65 silly audit   'react-remove-scroll': [ '2.6.0' ],
65 silly audit   'react-remove-scroll-bar': [ '2.3.6' ],
65 silly audit   'react-router': [ '6.26.2' ],
65 silly audit   'react-router-dom': [ '6.26.2' ],
65 silly audit   'react-spring': [ '9.7.4' ],
65 silly audit   'react-style-singleton': [ '2.2.1' ],
65 silly audit   'react-zdog': [ '1.2.2' ],
65 silly audit   'read-cache': [ '1.0.0' ],
65 silly audit   'readable-stream': [ '2.3.8' ],
65 silly audit   readdirp: [ '3.6.0' ],
65 silly audit   readline: [ '1.3.0' ],
65 silly audit   recast: [ '0.21.5' ],
65 silly audit   'source-map': [ '0.6.1', '0.5.7' ],
65 silly audit   regenerate: [ '1.4.2' ],
65 silly audit   'regenerate-unicode-properties': [ '10.2.0' ],
65 silly audit   'regenerator-transform': [ '0.15.2' ],
65 silly audit   'regexpu-core': [ '6.1.1' ],
65 silly audit   regjsgen: [ '0.8.0' ],
65 silly audit   regjsparser: [ '0.11.1' ],
65 silly audit   'require-directory': [ '2.1.1' ],
65 silly audit   'resize-observer-polyfill': [ '1.5.1' ],
65 silly audit   resolve: [ '1.22.8' ],
65 silly audit   reusify: [ '1.0.4' ],
65 silly audit   rimraf: [ '3.0.2', '2.6.3' ],
65 silly audit   rollup: [ '4.24.0' ],
65 silly audit   'run-parallel': [ '1.2.0' ],
65 silly audit   'safe-buffer': [ '5.1.2' ],
65 silly audit   selfsigned: [ '2.4.1' ],
65 silly audit   send: [ '0.19.0' ],
65 silly audit   'serialize-error': [ '2.1.0' ],
65 silly audit   'serve-static': [ '1.16.2' ],
65 silly audit   setprototypeof: [ '1.2.0' ],
65 silly audit   'shallow-clone': [ '3.0.1' ],
65 silly audit   'shebang-command': [ '2.0.0' ],
65 silly audit   'shebang-regex': [ '3.0.0' ],
65 silly audit   'shell-quote': [ '1.8.1' ],
65 silly audit   slash: [ '3.0.0' ],
65 silly audit   'source-map-js': [ '1.2.1' ],
65 silly audit   'source-map-support': [ '0.5.21' ],
65 silly audit   'sprintf-js': [ '1.0.3' ],
65 silly audit   'stack-utils': [ '2.0.6' ],
65 silly audit   stackframe: [ '1.3.4' ],
65 silly audit   'stacktrace-parser': [ '0.1.10' ],
65 silly audit   'type-fest': [ '0.7.1', '0.20.2' ],
65 silly audit   string_decoder: [ '1.1.1' ],
65 silly audit   'strip-final-newline': [ '2.0.0' ],
65 silly audit   'strip-json-comments': [ '3.1.1' ],
65 silly audit   sucrase: [ '3.35.0' ],
65 silly audit   'supports-preserve-symlinks-flag': [ '1.0.0' ],
65 silly audit   'suspend-react': [ '0.1.3' ],
65 silly audit   'tailwind-merge': [ '2.5.3' ],
65 silly audit   tailwindcss: [ '3.4.4' ],
65 silly audit   'tailwindcss-animate': [ '1.0.7' ],
65 silly audit   temp: [ '0.8.4' ],
65 silly audit   terser: [ '5.36.0' ],
65 silly audit   'test-exclude': [ '6.0.0' ],
65 silly audit   'text-table': [ '0.2.0' ],
65 silly audit   thenify: [ '3.3.1' ],
65 silly audit   'thenify-all': [ '1.6.0' ],
65 silly audit   three: [ '0.169.0' ],
65 silly audit   throat: [ '5.0.0' ],
65 silly audit   through2: [ '2.0.5' ],
65 silly audit   tmpl: [ '1.0.5' ],
65 silly audit   'to-regex-range': [ '5.0.1' ],
65 silly audit   toidentifier: [ '1.0.1' ],
65 silly audit   tr46: [ '0.0.3' ],
65 silly audit   'ts-api-utils': [ '1.3.0' ],
65 silly audit   'ts-interface-checker': [ '0.1.13' ],
65 silly audit   tslib: [ '2.6.3' ],
65 silly audit   'type-check': [ '0.4.0' ],
65 silly audit   'type-detect': [ '4.0.8' ],
65 silly audit   typescript: [ '5.4.5' ],
65 silly audit   'undici-types': [ '5.26.5' ],
65 silly audit   'unicode-canonical-property-names-ecmascript': [ '2.0.1' ],
65 silly audit   'unicode-match-property-ecmascript': [ '2.0.0' ],
65 silly audit   'unicode-match-property-value-ecmascript': [ '2.2.0' ],
65 silly audit   'unicode-property-aliases-ecmascript': [ '2.1.0' ],
65 silly audit   unpipe: [ '1.0.0' ],
65 silly audit   'update-browserslist-db': [ '1.1.1' ],
65 silly audit   'uri-js': [ '4.4.1' ],
65 silly audit   'use-callback-ref': [ '1.3.2' ],
65 silly audit   'use-sidecar': [ '1.1.2' ],
65 silly audit   'util-deprecate': [ '1.0.2' ],
65 silly audit   'utils-merge': [ '1.0.1' ],
65 silly audit   vite: [ '5.4.10' ],
65 silly audit   vlq: [ '1.0.1' ],
65 silly audit   walker: [ '1.0.8' ],
65 silly audit   'webidl-conversions': [ '3.0.1' ],
65 silly audit   'whatwg-fetch': [ '3.6.20' ],
65 silly audit   'whatwg-url': [ '5.0.0' ],
65 silly audit   which: [ '2.0.2' ],
65 silly audit   'word-wrap': [ '1.2.5' ],
65 silly audit   wrappy: [ '1.0.2' ],
65 silly audit   xtend: [ '4.0.2' ],
65 silly audit   y18n: [ '5.0.8' ],
65 silly audit   yallist: [ '3.1.1' ],
65 silly audit   yaml: [ '2.4.3' ],
65 silly audit   yargs: [ '17.7.2' ],
65 silly audit   'yargs-parser': [ '21.1.1' ],
65 silly audit   'yocto-queue': [ '0.1.0' ],
65 silly audit   zdog: [ '1.1.3' ],
65 silly audit   zustand: [ '3.7.2' ]
65 silly audit }
66 verbose reify failed optional dependency /home/fullstack-user/frontend/node_modules/fsevents
67 silly reify mark deleted [ '/home/fullstack-user/frontend/node_modules/fsevents' ]
68 verbose reify failed optional dependency /home/fullstack-user/frontend/node_modules/@rollup/rollup-win32-x64-msvc
69 silly reify mark deleted [
69 silly reify   '/home/fullstack-user/frontend/node_modules/@rollup/rollup-win32-x64-msvc'
69 silly reify ]
70 verbose reify failed optional dependency /home/fullstack-user/frontend/node_modules/@rollup/rollup-win32-ia32-msvc
71 silly reify mark deleted [
71 silly reify   '/home/fullstack-user/frontend/node_modules/@rollup/rollup-win32-ia32-msvc'
71 silly reify ]
72 verbose reify failed optional dependency /home/fullstack-user/frontend/node_modules/@rollup/rollup-win32-arm64-msvc
73 silly reify mark deleted [
73 silly reify   '/home/fullstack-user/frontend/node_modules/@rollup/rollup-win32-arm64-msvc'
73 silly reify ]
74 verbose reify failed optional dependency /home/fullstack-user/frontend/node_modules/@rollup/rollup-linux-s390x-gnu
75 silly reify mark deleted [
75 silly reify   '/home/fullstack-user/frontend/node_modules/@rollup/rollup-linux-s390x-gnu'
75 silly reify ]
76 verbose reify failed optional dependency /home/fullstack-user/frontend/node_modules/@rollup/rollup-linux-riscv64-gnu
77 silly reify mark deleted [
77 silly reify   '/home/fullstack-user/frontend/node_modules/@rollup/rollup-linux-riscv64-gnu'
77 silly reify ]
78 verbose reify failed optional dependency /home/fullstack-user/frontend/node_modules/@rollup/rollup-linux-powerpc64le-gnu
79 silly reify mark deleted [
79 silly reify   '/home/fullstack-user/frontend/node_modules/@rollup/rollup-linux-powerpc64le-gnu'
79 silly reify ]
80 verbose reify failed optional dependency /home/fullstack-user/frontend/node_modules/@rollup/rollup-linux-arm-musleabihf
81 silly reify mark deleted [
81 silly reify   '/home/fullstack-user/frontend/node_modules/@rollup/rollup-linux-arm-musleabihf'
81 silly reify ]
82 verbose reify failed optional dependency /home/fullstack-user/frontend/node_modules/@rollup/rollup-linux-arm-gnueabihf
83 silly reify mark deleted [
83 silly reify   '/home/fullstack-user/frontend/node_modules/@rollup/rollup-linux-arm-gnueabihf'
83 silly reify ]
84 verbose reify failed optional dependency /home/fullstack-user/frontend/node_modules/@rollup/rollup-darwin-x64
85 silly reify mark deleted [
85 silly reify   '/home/fullstack-user/frontend/node_modules/@rollup/rollup-darwin-x64'
85 silly reify ]
86 verbose reify failed optional dependency /home/fullstack-user/frontend/node_modules/@rollup/rollup-darwin-arm64
87 silly reify mark deleted [
87 silly reify   '/home/fullstack-user/frontend/node_modules/@rollup/rollup-darwin-arm64'
87 silly reify ]
88 verbose reify failed optional dependency /home/fullstack-user/frontend/node_modules/@rollup/rollup-android-arm64
89 silly reify mark deleted [
89 silly reify   '/home/fullstack-user/frontend/node_modules/@rollup/rollup-android-arm64'
89 silly reify ]
90 verbose reify failed optional dependency /home/fullstack-user/frontend/node_modules/@rollup/rollup-android-arm-eabi
91 silly reify mark deleted [
91 silly reify   '/home/fullstack-user/frontend/node_modules/@rollup/rollup-android-arm-eabi'
91 silly reify ]
92 verbose reify failed optional dependency /home/fullstack-user/frontend/node_modules/@esbuild/win32-x64
93 silly reify mark deleted [ '/home/fullstack-user/frontend/node_modules/@esbuild/win32-x64' ]
94 verbose reify failed optional dependency /home/fullstack-user/frontend/node_modules/@esbuild/win32-ia32
95 silly reify mark deleted [ '/home/fullstack-user/frontend/node_modules/@esbuild/win32-ia32' ]
96 verbose reify failed optional dependency /home/fullstack-user/frontend/node_modules/@esbuild/win32-arm64
97 silly reify mark deleted [ '/home/fullstack-user/frontend/node_modules/@esbuild/win32-arm64' ]
98 verbose reify failed optional dependency /home/fullstack-user/frontend/node_modules/@esbuild/sunos-x64
99 silly reify mark deleted [ '/home/fullstack-user/frontend/node_modules/@esbuild/sunos-x64' ]
100 verbose reify failed optional dependency /home/fullstack-user/frontend/node_modules/@esbuild/openbsd-x64
101 silly reify mark deleted [ '/home/fullstack-user/frontend/node_modules/@esbuild/openbsd-x64' ]
102 verbose reify failed optional dependency /home/fullstack-user/frontend/node_modules/@esbuild/netbsd-x64
103 silly reify mark deleted [ '/home/fullstack-user/frontend/node_modules/@esbuild/netbsd-x64' ]
104 verbose reify failed optional dependency /home/fullstack-user/frontend/node_modules/@esbuild/linux-s390x
105 silly reify mark deleted [ '/home/fullstack-user/frontend/node_modules/@esbuild/linux-s390x' ]
106 verbose reify failed optional dependency /home/fullstack-user/frontend/node_modules/@esbuild/linux-riscv64
107 silly reify mark deleted [ '/home/fullstack-user/frontend/node_modules/@esbuild/linux-riscv64' ]
108 verbose reify failed optional dependency /home/fullstack-user/frontend/node_modules/@esbuild/linux-ppc64
109 silly reify mark deleted [ '/home/fullstack-user/frontend/node_modules/@esbuild/linux-ppc64' ]
110 verbose reify failed optional dependency /home/fullstack-user/frontend/node_modules/@esbuild/linux-mips64el
111 silly reify mark deleted [
111 silly reify   '/home/fullstack-user/frontend/node_modules/@esbuild/linux-mips64el'
111 silly reify ]
112 verbose reify failed optional dependency /home/fullstack-user/frontend/node_modules/@esbuild/linux-loong64
113 silly reify mark deleted [ '/home/fullstack-user/frontend/node_modules/@esbuild/linux-loong64' ]
114 verbose reify failed optional dependency /home/fullstack-user/frontend/node_modules/@esbuild/linux-ia32
115 silly reify mark deleted [ '/home/fullstack-user/frontend/node_modules/@esbuild/linux-ia32' ]
116 verbose reify failed optional dependency /home/fullstack-user/frontend/node_modules/@esbuild/linux-arm
117 silly reify mark deleted [ '/home/fullstack-user/frontend/node_modules/@esbuild/linux-arm' ]
118 verbose reify failed optional dependency /home/fullstack-user/frontend/node_modules/@esbuild/freebsd-x64
119 silly reify mark deleted [ '/home/fullstack-user/frontend/node_modules/@esbuild/freebsd-x64' ]
120 verbose reify failed optional dependency /home/fullstack-user/frontend/node_modules/@esbuild/freebsd-arm64
121 silly reify mark deleted [ '/home/fullstack-user/frontend/node_modules/@esbuild/freebsd-arm64' ]
122 verbose reify failed optional dependency /home/fullstack-user/frontend/node_modules/@esbuild/darwin-x64
123 silly reify mark deleted [ '/home/fullstack-user/frontend/node_modules/@esbuild/darwin-x64' ]
124 verbose reify failed optional dependency /home/fullstack-user/frontend/node_modules/@esbuild/darwin-arm64
125 silly reify mark deleted [ '/home/fullstack-user/frontend/node_modules/@esbuild/darwin-arm64' ]
126 verbose reify failed optional dependency /home/fullstack-user/frontend/node_modules/@esbuild/android-x64
127 silly reify mark deleted [ '/home/fullstack-user/frontend/node_modules/@esbuild/android-x64' ]
128 verbose reify failed optional dependency /home/fullstack-user/frontend/node_modules/@esbuild/android-arm64
129 silly reify mark deleted [ '/home/fullstack-user/frontend/node_modules/@esbuild/android-arm64' ]
130 verbose reify failed optional dependency /home/fullstack-user/frontend/node_modules/@esbuild/android-arm
131 silly reify mark deleted [ '/home/fullstack-user/frontend/node_modules/@esbuild/android-arm' ]
132 verbose reify failed optional dependency /home/fullstack-user/frontend/node_modules/@esbuild/aix-ppc64
133 silly reify mark deleted [ '/home/fullstack-user/frontend/node_modules/@esbuild/aix-ppc64' ]
134 silly tarball no local data for @rollup/rollup-linux-x64-gnu@https://registry.npmjs.org/@rollup/rollup-linux-x64-gnu/-/rollup-linux-x64-gnu-4.24.0.tgz. Extracting by manifest.
135 silly tarball no local data for @esbuild/linux-x64@https://registry.npmjs.org/@esbuild/linux-x64/-/linux-x64-0.21.5.tgz. Extracting by manifest.
136 silly tarball no local data for @rollup/rollup-linux-x64-musl@https://registry.npmjs.org/@rollup/rollup-linux-x64-musl/-/rollup-linux-x64-musl-4.24.0.tgz. Extracting by manifest.
137 silly tarball no local data for which@https://registry.npmjs.org/which/-/which-2.0.2.tgz. Extracting by manifest.
138 silly tarball no local data for yaml@https://registry.npmjs.org/yaml/-/yaml-2.4.3.tgz. Extracting by manifest.
139 silly tarball no local data for semver@https://registry.npmjs.org/semver/-/semver-7.6.2.tgz. Extracting by manifest.
140 silly tarball no local data for rimraf@https://registry.npmjs.org/rimraf/-/rimraf-3.0.2.tgz. Extracting by manifest.
141 silly tarball no local data for sucrase@https://registry.npmjs.org/sucrase/-/sucrase-3.35.0.tgz. Extracting by manifest.
142 silly tarball no local data for rollup@https://registry.npmjs.org/rollup/-/rollup-4.24.0.tgz. Extracting by manifest.
143 silly tarball no local data for resolve@https://registry.npmjs.org/resolve/-/resolve-1.22.8.tgz. Extracting by manifest.
144 silly tarball no local data for nanoid@https://registry.npmjs.org/nanoid/-/nanoid-3.3.7.tgz. Extracting by manifest.
145 silly tarball no local data for typescript@https://registry.npmjs.org/typescript/-/typescript-5.4.5.tgz. Extracting by manifest.
146 silly tarball no local data for loose-envify@https://registry.npmjs.org/loose-envify/-/loose-envify-1.4.0.tgz. Extracting by manifest.
147 silly tarball no local data for tailwindcss@https://registry.npmjs.org/tailwindcss/-/tailwindcss-3.4.4.tgz. Extracting by manifest.
148 silly tarball no local data for js-yaml@https://registry.npmjs.org/js-yaml/-/js-yaml-4.1.0.tgz. Extracting by manifest.
149 silly tarball no local data for esbuild@https://registry.npmjs.org/esbuild/-/esbuild-0.21.5.tgz. Extracting by manifest.
150 silly tarball no local data for cssesc@https://registry.npmjs.org/cssesc/-/cssesc-3.0.0.tgz. Extracting by manifest.
151 silly tarball no local data for json5@https://registry.npmjs.org/json5/-/json5-2.2.3.tgz. Extracting by manifest.
152 silly tarball no local data for jiti@https://registry.npmjs.org/jiti/-/jiti-1.21.3.tgz. Extracting by manifest.
153 silly tarball no local data for autoprefixer@https://registry.npmjs.org/autoprefixer/-/autoprefixer-10.4.19.tgz. Extracting by manifest.
154 silly tarball no local data for eslint@https://registry.npmjs.org/eslint/-/eslint-8.57.0.tgz. Extracting by manifest.
155 silly tarball no local data for acorn@https://registry.npmjs.org/acorn/-/acorn-8.11.3.tgz. Extracting by manifest.
156 silly tarball no local data for glob@https://registry.npmjs.org/glob/-/glob-10.4.1.tgz. Extracting by manifest.
157 http fetch POST 200 https://registry.npmjs.org/-/npm/v1/security/advisories/bulk 1269ms
158 silly audit report {}
159 warn deprecated rimraf@2.6.3: Rimraf versions prior to v4 are no longer supported
160 http fetch GET 200 https://registry.npmjs.org/cssesc/-/cssesc-3.0.0.tgz 2052ms (cache miss)
161 http fetch GET 200 https://registry.npmjs.org/loose-envify/-/loose-envify-1.4.0.tgz 2099ms (cache miss)
162 http fetch GET 200 https://registry.npmjs.org/rimraf/-/rimraf-3.0.2.tgz 2206ms (cache miss)
163 warn deprecated rimraf@3.0.2: Rimraf versions prior to v4 are no longer supported
164 http fetch GET 200 https://registry.npmjs.org/which/-/which-2.0.2.tgz 2254ms (cache miss)
165 http fetch GET 200 https://registry.npmjs.org/esbuild/-/esbuild-0.21.5.tgz 2383ms (cache miss)
166 http fetch GET 200 https://registry.npmjs.org/nanoid/-/nanoid-3.3.7.tgz 2433ms (cache miss)
167 http fetch GET 200 https://registry.npmjs.org/acorn/-/acorn-8.11.3.tgz 2797ms (cache miss)
168 http fetch GET 200 https://registry.npmjs.org/json5/-/json5-2.2.3.tgz 2811ms (cache miss)
169 http fetch GET 200 https://registry.npmjs.org/semver/-/semver-7.6.2.tgz 3249ms (cache miss)
170 http fetch GET 200 https://registry.npmjs.org/js-yaml/-/js-yaml-4.1.0.tgz 3332ms (cache miss)
171 http fetch GET 200 https://registry.npmjs.org/glob/-/glob-10.4.1.tgz 3404ms (cache miss)
172 http fetch GET 200 https://registry.npmjs.org/autoprefixer/-/autoprefixer-10.4.19.tgz 3430ms (cache miss)
173 http fetch GET 200 https://registry.npmjs.org/jiti/-/jiti-1.21.3.tgz 3981ms (cache miss)
174 http fetch GET 200 https://registry.npmjs.org/resolve/-/resolve-1.22.8.tgz 4240ms (cache miss)
175 http fetch GET 200 https://registry.npmjs.org/@rollup/rollup-linux-x64-musl/-/rollup-linux-x64-musl-4.24.0.tgz 4304ms (cache miss)
176 http fetch GET 200 https://registry.npmjs.org/@rollup/rollup-linux-x64-gnu/-/rollup-linux-x64-gnu-4.24.0.tgz 4319ms (cache miss)
177 http fetch GET 200 https://registry.npmjs.org/rollup/-/rollup-4.24.0.tgz 4406ms (cache miss)
178 http fetch GET 200 https://registry.npmjs.org/sucrase/-/sucrase-3.35.0.tgz 4991ms (cache miss)
179 http fetch GET 200 https://registry.npmjs.org/yaml/-/yaml-2.4.3.tgz 5075ms (cache miss)
180 http fetch GET 200 https://registry.npmjs.org/tailwindcss/-/tailwindcss-3.4.4.tgz 6124ms (cache miss)
181 http fetch GET 200 https://registry.npmjs.org/eslint/-/eslint-8.57.0.tgz 6245ms (cache miss)
182 http fetch GET 200 https://registry.npmjs.org/@esbuild/linux-x64/-/linux-x64-0.21.5.tgz 6327ms (cache miss)
183 http fetch GET 200 https://registry.npmjs.org/typescript/-/typescript-5.4.5.tgz 8859ms (cache miss)
184 info run esbuild@0.21.5 postinstall node_modules/esbuild node install.js
185 info run esbuild@0.21.5 postinstall { code: 0, signal: null }
186 silly ADD
187 silly ADD
188 silly ADD
189 silly ADD
190 silly ADD node_modules/@rollup/rollup-linux-x64-musl
191 silly ADD node_modules/@rollup/rollup-linux-x64-gnu
192 silly ADD
193 silly ADD
194 silly ADD
195 silly ADD
196 silly ADD
197 silly ADD
198 silly ADD
199 silly ADD
200 silly ADD
201 silly ADD
202 silly ADD
203 silly ADD
204 silly ADD
205 silly ADD
206 silly ADD
207 silly ADD node_modules/@esbuild/linux-x64
208 silly ADD
209 silly ADD
210 silly ADD
211 silly ADD
212 silly ADD
213 silly ADD
214 silly ADD
215 silly ADD
216 silly ADD
217 silly ADD
218 silly ADD
219 silly ADD
220 silly ADD
221 silly ADD
222 silly ADD
223 silly CHANGE node_modules/@istanbuljs/load-nyc-config/node_modules/js-yaml
224 silly CHANGE node_modules/@babel/preset-env/node_modules/semver
225 silly CHANGE node_modules/@babel/plugin-transform-runtime/node_modules/semver
226 silly CHANGE node_modules/@babel/parser
227 silly CHANGE node_modules/@babel/helper-create-class-features-plugin/node_modules/semver
228 silly CHANGE node_modules/@babel/helper-create-regexp-features-plugin/node_modules/semver
229 silly CHANGE node_modules/@babel/helper-compilation-targets/node_modules/semver
230 silly CHANGE node_modules/@babel/core/node_modules/semver
231 silly CHANGE node_modules/yaml
232 silly CHANGE node_modules/which
233 silly CHANGE node_modules/update-browserslist-db
234 silly CHANGE node_modules/typescript
235 silly CHANGE node_modules/temp/node_modules/rimraf
236 silly CHANGE node_modules/terser
237 silly CHANGE node_modules/tailwindcss
238 silly CHANGE node_modules/sucrase
239 silly CHANGE node_modules/sucrase/node_modules/glob
240 silly CHANGE node_modules/semver
241 silly CHANGE node_modules/rimraf
242 silly CHANGE node_modules/rollup
243 silly CHANGE node_modules/resolve
244 silly CHANGE node_modules/regjsparser
245 silly CHANGE node_modules/react-native
246 silly CHANGE node_modules/nanoid
247 silly CHANGE node_modules/mkdirp
248 silly CHANGE node_modules/mime
249 silly CHANGE node_modules/metro-symbolicate
250 silly CHANGE node_modules/metro
251 silly CHANGE node_modules/make-dir/node_modules/semver
252 silly CHANGE node_modules/loose-envify
253 silly CHANGE node_modules/json5
254 silly CHANGE node_modules/jscodeshift
255 silly CHANGE node_modules/jsesc
256 silly CHANGE node_modules/js-yaml
257 silly CHANGE node_modules/jiti
258 silly CHANGE node_modules/istanbul-lib-instrument/node_modules/semver
259 silly CHANGE node_modules/is-docker
260 silly CHANGE node_modules/image-size
261 silly CHANGE node_modules/esprima
262 silly CHANGE node_modules/eslint
263 silly CHANGE node_modules/esbuild
264 silly CHANGE node_modules/cosmiconfig/node_modules/js-yaml
265 silly CHANGE node_modules/cssesc
266 silly CHANGE node_modules/chromium-edge-launcher/node_modules/mkdirp
267 silly CHANGE node_modules/chrome-launcher
268 silly CHANGE node_modules/browserslist
269 silly CHANGE node_modules/babel-plugin-polyfill-corejs2/node_modules/semver
270 silly CHANGE node_modules/autoprefixer
271 silly CHANGE node_modules/acorn
272 verbose cwd /home/fullstack-user/frontend
273 verbose os Linux 6.10.11-linuxkit
274 verbose node v22.9.0
275 verbose npm  v10.8.3
276 verbose exit 0
277 info ok
