0 verbose cli /usr/bin/node /usr/bin/npm
1 info using npm@10.8.3
2 info using node@v22.9.0
3 silly config load:file:/usr/lib/node_modules/npm/npmrc
4 silly config load:file:/home/fullstack-user/.cache/typescript/5.6/.npmrc
5 silly config load:file:/home/fullstack-user/.npmrc
6 silly config load:file:/usr/etc/npmrc
7 verbose title npm install types-registry@latest
8 verbose argv "install" "--ignore-scripts" "types-registry@latest"
9 verbose logfile logs-max:10 dir:/home/fullstack-user/.npm/_logs/2024-11-15T00_37_15_777Z-
10 verbose logfile /home/fullstack-user/.npm/_logs/2024-11-15T00_37_15_777Z-debug-0.log
11 silly packumentCache heap:2197815296 maxSize:549453824 maxEntrySize:274726912
12 silly logfile start cleaning logs, removing 1 files
13 silly logfile done cleaning log files
14 silly packumentCache corgi:https://registry.npmjs.org/types-registry cache-miss
15 http fetch GET 200 https://registry.npmjs.org/types-registry 272ms (cache updated)
16 silly packumentCache corgi:https://registry.npmjs.org/types-registry set size:undefined disposed:false
17 silly idealTree buildDeps
18 silly fetch manifest types-registry@0.1.694
19 silly packumentCache full:https://registry.npmjs.org/types-registry cache-miss
20 http fetch GET 200 https://registry.npmjs.org/types-registry 103ms (cache updated)
21 silly packumentCache full:https://registry.npmjs.org/types-registry set size:undefined disposed:false
22 silly placeDep ROOT types-registry@0.1.694 REPLACE for:  want: 0.1.694
23 silly reify mark retired [
23 silly reify   '/home/fullstack-user/.cache/typescript/5.6/node_modules/types-registry'
23 silly reify ]
24 silly reify moves {
24 silly reify   '/home/fullstack-user/.cache/typescript/5.6/node_modules/types-registry': '/home/fullstack-user/.cache/typescript/5.6/node_modules/.types-registry-RJpbX8BD'
24 silly reify }
25 silly audit bulk request {
25 silly audit   '@types/buffer-from': [ '1.1.3' ],
25 silly audit   '@types/node': [ '22.9.0' ],
25 silly audit   '@types/source-map-support': [ '0.5.10' ],
25 silly audit   'source-map': [ '0.6.1' ],
25 silly audit   'undici-types': [ '6.19.8' ],
25 silly audit   'types-registry': [ '0.1.694' ]
25 silly audit }
26 silly tarball no local data for types-registry@https://registry.npmjs.org/types-registry/-/types-registry-0.1.694.tgz. Extracting by manifest.
27 http fetch POST 200 https://registry.npmjs.org/-/npm/v1/security/advisories/bulk 118ms
28 silly audit report {}
29 http fetch GET 200 https://registry.npmjs.org/types-registry/-/types-registry-0.1.694.tgz 261ms (cache miss)
30 silly CHANGE node_modules/types-registry
31 verbose cwd /home/fullstack-user/.cache/typescript/5.6
32 verbose os Linux 6.10.11-linuxkit
33 verbose node v22.9.0
34 verbose npm  v10.8.3
35 verbose exit 0
36 info ok
