0 verbose cli /usr/bin/node /usr/bin/npm
1 info using npm@10.8.3
2 info using node@v22.9.0
3 silly config load:file:/usr/lib/node_modules/npm/npmrc
4 silly config load:file:/home/fullstack-user/.cache/typescript/5.6/.npmrc
5 silly config load:file:/home/fullstack-user/.npmrc
6 silly config load:file:/usr/etc/npmrc
7 verbose title npm install types-registry@latest
8 verbose argv "install" "--ignore-scripts" "types-registry@latest"
9 verbose logfile logs-max:10 dir:/home/fullstack-user/.npm/_logs/2024-11-08T01_10_10_459Z-
10 verbose logfile /home/fullstack-user/.npm/_logs/2024-11-08T01_10_10_459Z-debug-0.log
11 silly packumentCache heap:2197815296 maxSize:549453824 maxEntrySize:274726912
12 silly logfile start cleaning logs, removing 1 files
13 silly logfile done cleaning log files
14 silly packumentCache corgi:https://registry.npmjs.org/types-registry cache-miss
15 http fetch GET 200 https://registry.npmjs.org/types-registry 571ms (cache miss)
16 silly packumentCache corgi:https://registry.npmjs.org/types-registry set size:undefined disposed:false
17 silly idealTree buildDeps
18 silly fetch manifest types-registry@0.1.693
19 silly packumentCache full:https://registry.npmjs.org/types-registry cache-miss
20 http fetch GET 200 https://registry.npmjs.org/types-registry 251ms (cache miss)
21 silly packumentCache full:https://registry.npmjs.org/types-registry set size:undefined disposed:false
22 silly placeDep ROOT types-registry@0.1.693 OK for:  want: 0.1.693
23 silly reify moves {}
24 silly audit bulk request { 'types-registry': [ '0.1.693' ] }
25 silly tarball no local data for types-registry@https://registry.npmjs.org/types-registry/-/types-registry-0.1.693.tgz. Extracting by manifest.
26 http fetch POST 200 https://registry.npmjs.org/-/npm/v1/security/advisories/bulk 128ms
27 silly audit report {}
28 http fetch GET 200 https://registry.npmjs.org/types-registry/-/types-registry-0.1.693.tgz 415ms (cache miss)
29 silly ADD node_modules/types-registry
30 verbose cwd /home/fullstack-user/.cache/typescript/5.6
31 verbose os Linux 6.10.11-linuxkit
32 verbose node v22.9.0
33 verbose npm  v10.8.3
34 verbose exit 0
35 info ok
